

================================================================
== Vitis HLS Report for 'dense_latency_ap_ufixed_9_0_4_0_0_ap_fixed_30_12_5_3_0_config23_s'
================================================================
* Date:           Fri Mar 21 14:34:38 2025

* Version:        2022.2 (Build 3670227 on Oct 13 2022)
* Project:        JetTaggerNN_prj
* Solution:       solution1 (Vivado IP Flow Target)
* Product family: virtexuplus
* Target device:  xcvu9p-flga2104-2L-e


================================================================
== Performance Estimates
================================================================
+ Timing: 
    * Summary: 
    +--------+---------+----------+------------+
    |  Clock |  Target | Estimated| Uncertainty|
    +--------+---------+----------+------------+
    |ap_clk  |  2.80 ns|  1.860 ns|     0.76 ns|
    +--------+---------+----------+------------+

+ Latency: 
    * Summary: 
    +---------+---------+----------+----------+-----+-----+---------+
    |  Latency (cycles) |  Latency (absolute) |  Interval | Pipeline|
    |   min   |   max   |    min   |    max   | min | max |   Type  |
    +---------+---------+----------+----------+-----+-----+---------+
    |        3|        3|  8.400 ns|  8.400 ns|    1|    1|      yes|
    +---------+---------+----------+----------+-----+-----+---------+

    + Detail: 
        * Instance: 
        N/A

        * Loop: 
        N/A



================================================================
== Utilization Estimates
================================================================
* Summary: 
+---------------------+---------+------+---------+---------+-----+
|         Name        | BRAM_18K|  DSP |    FF   |   LUT   | URAM|
+---------------------+---------+------+---------+---------+-----+
|DSP                  |        -|     -|        -|        -|    -|
|Expression           |        -|     -|        0|      235|    -|
|FIFO                 |        -|     -|        -|        -|    -|
|Instance             |        -|     1|        0|      228|    -|
|Memory               |        -|     -|        -|        -|    -|
|Multiplexer          |        -|     -|        -|       18|    -|
|Register             |        -|     -|      207|        -|    -|
+---------------------+---------+------+---------+---------+-----+
|Total                |        0|     1|      207|      481|    0|
+---------------------+---------+------+---------+---------+-----+
|Available SLR        |     1440|  2280|   788160|   394080|  320|
+---------------------+---------+------+---------+---------+-----+
|Utilization SLR (%)  |        0|    ~0|       ~0|       ~0|    0|
+---------------------+---------+------+---------+---------+-----+
|Available            |     4320|  6840|  2364480|  1182240|  960|
+---------------------+---------+------+---------+---------+-----+
|Utilization (%)      |        0|    ~0|       ~0|       ~0|    0|
+---------------------+---------+------+---------+---------+-----+

+ Detail: 
    * Instance: 
    +---------------------------+---------------------+---------+----+---+----+-----+
    |          Instance         |        Module       | BRAM_18K| DSP| FF| LUT| URAM|
    +---------------------------+---------------------+---------+----+---+----+-----+
    |mul_9ns_10ns_18_1_1_U3718  |mul_9ns_10ns_18_1_1  |        0|   0|  0|  62|    0|
    |mul_9ns_10ns_18_1_1_U3720  |mul_9ns_10ns_18_1_1  |        0|   0|  0|  62|    0|
    |mul_9ns_11s_20_1_1_U3716   |mul_9ns_11s_20_1_1   |        0|   1|  0|   6|    0|
    |mul_9ns_8ns_16_1_1_U3719   |mul_9ns_8ns_16_1_1   |        0|   0|  0|  49|    0|
    |mul_9ns_9s_18_1_1_U3717    |mul_9ns_9s_18_1_1    |        0|   0|  0|  49|    0|
    +---------------------------+---------------------+---------+----+---+----+-----+
    |Total                      |                     |        0|   1|  0| 228|    0|
    +---------------------------+---------------------+---------+----+---+----+-----+

    * DSP: 
    N/A

    * Memory: 
    N/A

    * FIFO: 
    N/A

    * Expression: 
    +---------------------------+----------+----+---+----+------------+------------+
    |       Variable Name       | Operation| DSP| FF| LUT| Bitwidth P0| Bitwidth P1|
    +---------------------------+----------+----+---+----+------------+------------+
    |add_ln813_4334_fu_619_p2   |         +|   0|  0|  20|          13|          13|
    |add_ln813_4335_fu_625_p2   |         +|   0|  0|  17|          13|          13|
    |add_ln813_4336_fu_631_p2   |         +|   0|  0|  17|          13|          13|
    |add_ln813_4337_fu_637_p2   |         +|   0|  0|  18|          11|          11|
    |add_ln813_4338_fu_576_p2   |         +|   0|  0|  15|           8|           7|
    |add_ln813_4339_fu_586_p2   |         +|   0|  0|  16|           9|           9|
    |add_ln813_4340_fu_650_p2   |         +|   0|  0|  19|          12|          12|
    |add_ln813_fu_610_p2        |         +|   0|  0|  17|          10|          10|
    |r_V_3534_fu_504_p2         |         +|   0|  0|  24|          17|          17|
    |x_V_fu_662_p2              |         +|   0|  0|  21|          14|          14|
    |r_V_3532_fu_398_p2         |         -|   0|  0|  22|           1|          15|
    |r_V_3533_fu_463_p2         |         -|   0|  0|  25|          18|          18|
    |ap_block_pp0_stage0_01001  |        or|   0|  0|   2|           1|           1|
    |ap_enable_pp0              |       xor|   0|  0|   2|           1|           2|
    +---------------------------+----------+----+---+----+------------+------------+
    |Total                      |          |   0|  0| 235|         141|         155|
    +---------------------------+----------+----+---+----+------------+------------+

    * Multiplexer: 
    +-------------+----+-----------+-----+-----------+
    |     Name    | LUT| Input Size| Bits| Total Bits|
    +-------------+----+-----------+-----+-----------+
    |ap_done      |   9|          2|    1|          2|
    |layer23_out  |   9|          2|   22|         44|
    +-------------+----+-----------+-----+-----------+
    |Total        |  18|          4|   23|         46|
    +-------------+----+-----------+-----+-----------+

    * Register: 
    +--------------------------+----+----+-----+-----------+
    |           Name           | FF | LUT| Bits| Const Bits|
    +--------------------------+----+----+-----+-----------+
    |add_ln813_4336_reg_768    |  13|   0|   13|          0|
    |add_ln813_4339_reg_763    |   9|   0|    9|          0|
    |add_ln813_4340_reg_773    |  12|   0|   12|          0|
    |ap_CS_fsm                 |   1|   0|    1|          0|
    |ap_done_reg               |   1|   0|    1|          0|
    |ap_enable_reg_pp0_iter1   |   1|   0|    1|          0|
    |ap_enable_reg_pp0_iter2   |   1|   0|    1|          0|
    |ap_enable_reg_pp0_iter3   |   1|   0|    1|          0|
    |layer23_out_preg          |  22|   0|   30|          8|
    |lshr_ln818_s_reg_723      |   7|   0|    7|          0|
    |p_read211_reg_707         |   9|   0|    9|          0|
    |p_read413_reg_701         |   9|   0|    9|          0|
    |p_read514_reg_696         |   9|   0|    9|          0|
    |p_read615_reg_691         |   9|   0|    9|          0|
    |p_read716_reg_686         |   9|   0|    9|          0|
    |p_read817_reg_681         |   9|   0|    9|          0|
    |p_read_1472_reg_713       |   9|   0|    9|          0|
    |tmp_reg_738               |   9|   0|    9|          0|
    |tmp_s_reg_748             |  10|   0|   10|          0|
    |trunc_ln6_reg_758         |   8|   0|    8|          0|
    |trunc_ln818_3221_reg_733  |  10|   0|   10|          0|
    |trunc_ln818_3222_reg_743  |  10|   0|   10|          0|
    |trunc_ln818_3223_reg_753  |  10|   0|   10|          0|
    |trunc_ln818_s_reg_718     |   7|   0|    7|          0|
    |trunc_ln_reg_728          |  12|   0|   12|          0|
    +--------------------------+----+----+-----+-----------+
    |Total                     | 207|   0|  215|          8|
    +--------------------------+----+----+-----+-----------+



================================================================
== Interface
================================================================
* Summary: 
+--------------------+-----+-----+------------+------------------------------------------------------------------------------+--------------+
|      RTL Ports     | Dir | Bits|  Protocol  |                                 Source Object                                |    C Type    |
+--------------------+-----+-----+------------+------------------------------------------------------------------------------+--------------+
|ap_clk              |   in|    1|  ap_ctrl_hs|  dense_latency<ap_ufixed<9, 0, 4, 0, 0>, ap_fixed<30, 12, 5, 3, 0>, config23>|  return value|
|ap_rst              |   in|    1|  ap_ctrl_hs|  dense_latency<ap_ufixed<9, 0, 4, 0, 0>, ap_fixed<30, 12, 5, 3, 0>, config23>|  return value|
|ap_start            |   in|    1|  ap_ctrl_hs|  dense_latency<ap_ufixed<9, 0, 4, 0, 0>, ap_fixed<30, 12, 5, 3, 0>, config23>|  return value|
|ap_done             |  out|    1|  ap_ctrl_hs|  dense_latency<ap_ufixed<9, 0, 4, 0, 0>, ap_fixed<30, 12, 5, 3, 0>, config23>|  return value|
|ap_continue         |   in|    1|  ap_ctrl_hs|  dense_latency<ap_ufixed<9, 0, 4, 0, 0>, ap_fixed<30, 12, 5, 3, 0>, config23>|  return value|
|ap_idle             |  out|    1|  ap_ctrl_hs|  dense_latency<ap_ufixed<9, 0, 4, 0, 0>, ap_fixed<30, 12, 5, 3, 0>, config23>|  return value|
|ap_ready            |  out|    1|  ap_ctrl_hs|  dense_latency<ap_ufixed<9, 0, 4, 0, 0>, ap_fixed<30, 12, 5, 3, 0>, config23>|  return value|
|p_read              |   in|    9|     ap_none|                                                                        p_read|        scalar|
|p_read1             |   in|    9|     ap_none|                                                                       p_read1|        scalar|
|p_read2             |   in|    9|     ap_none|                                                                       p_read2|        scalar|
|p_read3             |   in|    9|     ap_none|                                                                       p_read3|        scalar|
|p_read4             |   in|    9|     ap_none|                                                                       p_read4|        scalar|
|p_read5             |   in|    9|     ap_none|                                                                       p_read5|        scalar|
|p_read6             |   in|    9|     ap_none|                                                                       p_read6|        scalar|
|p_read7             |   in|    9|     ap_none|                                                                       p_read7|        scalar|
|p_read8             |   in|    9|     ap_none|                                                                       p_read8|        scalar|
|layer23_out         |  out|   30|      ap_vld|                                                                   layer23_out|       pointer|
|layer23_out_ap_vld  |  out|    1|      ap_vld|                                                                   layer23_out|       pointer|
+--------------------+-----+-----+------------+------------------------------------------------------------------------------+--------------+

