

================================================================
== Vitis HLS Report for 'fill_buffer_1'
================================================================
* Date:           Fri Mar 21 14:31:12 2025

* Version:        2022.2 (Build 3670227 on Oct 13 2022)
* Project:        JetTaggerNN_prj
* Solution:       solution1 (Vivado IP Flow Target)
* Product family: virtexuplus
* Target device:  xcvu9p-flga2104-2L-e


================================================================
== Performance Estimates
================================================================
+ Timing: 
    * Summary: 
    +--------+---------+----------+------------+
    |  Clock |  Target | Estimated| Uncertainty|
    +--------+---------+----------+------------+
    |ap_clk  |  2.80 ns|  0.357 ns|     0.76 ns|
    +--------+---------+----------+------------+

+ Latency: 
    * Summary: 
    +---------+---------+----------+----------+-----+-----+---------+
    |  Latency (cycles) |  Latency (absolute) |  Interval | Pipeline|
    |   min   |   max   |    min   |    max   | min | max |   Type  |
    +---------+---------+----------+----------+-----+-----+---------+
    |        0|        0|      0 ns|      0 ns|    1|    1|      yes|
    +---------+---------+----------+----------+-----+-----+---------+

    + Detail: 
        * Instance: 
        N/A

        * Loop: 
        N/A



================================================================
== Utilization Estimates
================================================================
* Summary: 
+---------------------+---------+------+---------+---------+-----+
|         Name        | BRAM_18K|  DSP |    FF   |   LUT   | URAM|
+---------------------+---------+------+---------+---------+-----+
|DSP                  |        -|     -|        -|        -|    -|
|Expression           |        -|     -|        0|     4192|    -|
|FIFO                 |        -|     -|        -|        -|    -|
|Instance             |        -|     -|        -|        -|    -|
|Memory               |        -|     -|        -|        -|    -|
|Multiplexer          |        -|     -|        -|        -|    -|
|Register             |        -|     -|        -|        -|    -|
+---------------------+---------+------+---------+---------+-----+
|Total                |        0|     0|        0|     4192|    0|
+---------------------+---------+------+---------+---------+-----+
|Available SLR        |     1440|  2280|   788160|   394080|  320|
+---------------------+---------+------+---------+---------+-----+
|Utilization SLR (%)  |        0|     0|        0|        1|    0|
+---------------------+---------+------+---------+---------+-----+
|Available            |     4320|  6840|  2364480|  1182240|  960|
+---------------------+---------+------+---------+---------+-----+
|Utilization (%)      |        0|     0|        0|       ~0|    0|
+---------------------+---------+------+---------+---------+-----+

+ Detail: 
    * Instance: 
    N/A

    * DSP: 
    N/A

    * Memory: 
    N/A

    * FIFO: 
    N/A

    * Expression: 
    +----------------------------+----------+----+---+----+------------+------------+
    |        Variable Name       | Operation| DSP| FF| LUT| Bitwidth P0| Bitwidth P1|
    +----------------------------+----------+----+---+----+------------+------------+
    |select_ln44_100_fu_3794_p3  |    select|   0|  0|  31|           1|          31|
    |select_ln44_101_fu_3806_p3  |    select|   0|  0|  27|           1|          27|
    |select_ln44_102_fu_3818_p3  |    select|   0|  0|  28|           1|          28|
    |select_ln44_103_fu_3830_p3  |    select|   0|  0|  21|           1|          21|
    |select_ln44_104_fu_3842_p3  |    select|   0|  0|  27|           1|          27|
    |select_ln44_105_fu_3854_p3  |    select|   0|  0|  30|           1|          30|
    |select_ln44_106_fu_3866_p3  |    select|   0|  0|  23|           1|          23|
    |select_ln44_107_fu_3878_p3  |    select|   0|  0|  18|           1|          18|
    |select_ln44_108_fu_3890_p3  |    select|   0|  0|  29|           1|          29|
    |select_ln44_109_fu_3902_p3  |    select|   0|  0|  28|           1|          28|
    |select_ln44_10_fu_2714_p3   |    select|   0|  0|  31|           1|          31|
    |select_ln44_110_fu_3914_p3  |    select|   0|  0|  28|           1|          28|
    |select_ln44_111_fu_3926_p3  |    select|   0|  0|  31|           1|          31|
    |select_ln44_112_fu_3938_p3  |    select|   0|  0|  29|           1|          29|
    |select_ln44_113_fu_3950_p3  |    select|   0|  0|  31|           1|          31|
    |select_ln44_114_fu_3962_p3  |    select|   0|  0|  31|           1|          31|
    |select_ln44_115_fu_3974_p3  |    select|   0|  0|  31|           1|          31|
    |select_ln44_116_fu_3986_p3  |    select|   0|  0|  29|           1|          29|
    |select_ln44_117_fu_3998_p3  |    select|   0|  0|  29|           1|          29|
    |select_ln44_118_fu_4010_p3  |    select|   0|  0|  30|           1|          30|
    |select_ln44_119_fu_4022_p3  |    select|   0|  0|  28|           1|          28|
    |select_ln44_11_fu_2726_p3   |    select|   0|  0|  28|           1|          28|
    |select_ln44_120_fu_4034_p3  |    select|   0|  0|  28|           1|          28|
    |select_ln44_121_fu_4046_p3  |    select|   0|  0|  30|           1|          30|
    |select_ln44_122_fu_4058_p3  |    select|   0|  0|  22|           1|          22|
    |select_ln44_123_fu_4070_p3  |    select|   0|  0|  28|           1|          28|
    |select_ln44_124_fu_4082_p3  |    select|   0|  0|  22|           1|          22|
    |select_ln44_125_fu_4094_p3  |    select|   0|  0|  26|           1|          26|
    |select_ln44_126_fu_4106_p3  |    select|   0|  0|  18|           1|          18|
    |select_ln44_127_fu_4118_p3  |    select|   0|  0|  27|           1|          27|
    |select_ln44_128_fu_4130_p3  |    select|   0|  0|  22|           1|          22|
    |select_ln44_129_fu_4142_p3  |    select|   0|  0|  23|           1|          23|
    |select_ln44_12_fu_2738_p3   |    select|   0|  0|  29|           1|          29|
    |select_ln44_130_fu_4154_p3  |    select|   0|  0|  25|           1|          25|
    |select_ln44_131_fu_4166_p3  |    select|   0|  0|  27|           1|          27|
    |select_ln44_132_fu_4178_p3  |    select|   0|  0|  27|           1|          27|
    |select_ln44_133_fu_4190_p3  |    select|   0|  0|  21|           1|          21|
    |select_ln44_134_fu_4202_p3  |    select|   0|  0|  30|           1|          30|
    |select_ln44_135_fu_4214_p3  |    select|   0|  0|  22|           1|          22|
    |select_ln44_136_fu_4226_p3  |    select|   0|  0|  22|           1|          22|
    |select_ln44_137_fu_4238_p3  |    select|   0|  0|  22|           1|          22|
    |select_ln44_138_fu_4250_p3  |    select|   0|  0|  27|           1|          27|
    |select_ln44_139_fu_4262_p3  |    select|   0|  0|  26|           1|          26|
    |select_ln44_13_fu_2750_p3   |    select|   0|  0|  29|           1|          29|
    |select_ln44_140_fu_4274_p3  |    select|   0|  0|  27|           1|          27|
    |select_ln44_141_fu_4286_p3  |    select|   0|  0|  26|           1|          26|
    |select_ln44_142_fu_4298_p3  |    select|   0|  0|  22|           1|          22|
    |select_ln44_143_fu_4310_p3  |    select|   0|  0|  25|           1|          25|
    |select_ln44_144_fu_4322_p3  |    select|   0|  0|  22|           1|          22|
    |select_ln44_145_fu_4334_p3  |    select|   0|  0|  27|           1|          27|
    |select_ln44_146_fu_4346_p3  |    select|   0|  0|  21|           1|          21|
    |select_ln44_147_fu_4358_p3  |    select|   0|  0|  22|           1|          22|
    |select_ln44_148_fu_4370_p3  |    select|   0|  0|  27|           1|          27|
    |select_ln44_149_fu_4382_p3  |    select|   0|  0|  23|           1|          23|
    |select_ln44_14_fu_2762_p3   |    select|   0|  0|  31|           1|          31|
    |select_ln44_150_fu_4394_p3  |    select|   0|  0|  30|           1|          30|
    |select_ln44_151_fu_4406_p3  |    select|   0|  0|  18|           1|          18|
    |select_ln44_152_fu_4418_p3  |    select|   0|  0|  28|           1|          28|
    |select_ln44_153_fu_4430_p3  |    select|   0|  0|  28|           1|          28|
    |select_ln44_154_fu_4442_p3  |    select|   0|  0|  28|           1|          28|
    |select_ln44_155_fu_4454_p3  |    select|   0|  0|  29|           1|          29|
    |select_ln44_156_fu_4466_p3  |    select|   0|  0|  30|           1|          30|
    |select_ln44_157_fu_4478_p3  |    select|   0|  0|  31|           1|          31|
    |select_ln44_158_fu_4490_p3  |    select|   0|  0|  31|           1|          31|
    |select_ln44_159_fu_4502_p3  |    select|   0|  0|  29|           1|          29|
    |select_ln44_15_fu_2774_p3   |    select|   0|  0|  31|           1|          31|
    |select_ln44_16_fu_2786_p3   |    select|   0|  0|  28|           1|          28|
    |select_ln44_17_fu_2798_p3   |    select|   0|  0|  29|           1|          29|
    |select_ln44_18_fu_2810_p3   |    select|   0|  0|  30|           1|          30|
    |select_ln44_19_fu_2822_p3   |    select|   0|  0|  28|           1|          28|
    |select_ln44_1_fu_2606_p3    |    select|   0|  0|  30|           1|          30|
    |select_ln44_20_fu_2834_p3   |    select|   0|  0|  28|           1|          28|
    |select_ln44_21_fu_2846_p3   |    select|   0|  0|  30|           1|          30|
    |select_ln44_22_fu_2858_p3   |    select|   0|  0|  18|           1|          18|
    |select_ln44_23_fu_2870_p3   |    select|   0|  0|  22|           1|          22|
    |select_ln44_24_fu_2882_p3   |    select|   0|  0|  22|           1|          22|
    |select_ln44_25_fu_2894_p3   |    select|   0|  0|  23|           1|          23|
    |select_ln44_26_fu_2906_p3   |    select|   0|  0|  26|           1|          26|
    |select_ln44_27_fu_2918_p3   |    select|   0|  0|  27|           1|          27|
    |select_ln44_28_fu_2930_p3   |    select|   0|  0|  27|           1|          27|
    |select_ln44_29_fu_2942_p3   |    select|   0|  0|  22|           1|          22|
    |select_ln44_2_fu_2618_p3    |    select|   0|  0|  27|           1|          27|
    |select_ln44_30_fu_2954_p3   |    select|   0|  0|  25|           1|          25|
    |select_ln44_31_fu_2966_p3   |    select|   0|  0|  21|           1|          21|
    |select_ln44_32_fu_2978_p3   |    select|   0|  0|  27|           1|          27|
    |select_ln44_33_fu_2990_p3   |    select|   0|  0|  28|           1|          28|
    |select_ln44_34_fu_3002_p3   |    select|   0|  0|  30|           1|          30|
    |select_ln44_35_fu_3014_p3   |    select|   0|  0|  28|           1|          28|
    |select_ln44_36_fu_3026_p3   |    select|   0|  0|  22|           1|          22|
    |select_ln44_37_fu_3038_p3   |    select|   0|  0|  22|           1|          22|
    |select_ln44_38_fu_3050_p3   |    select|   0|  0|  18|           1|          18|
    |select_ln44_39_fu_3062_p3   |    select|   0|  0|  26|           1|          26|
    |select_ln44_3_fu_2630_p3    |    select|   0|  0|  21|           1|          21|
    |select_ln44_40_fu_3074_p3   |    select|   0|  0|  27|           1|          27|
    |select_ln44_41_fu_3086_p3   |    select|   0|  0|  23|           1|          23|
    |select_ln44_42_fu_3098_p3   |    select|   0|  0|  22|           1|          22|
    |select_ln44_43_fu_3110_p3   |    select|   0|  0|  25|           1|          25|
    |select_ln44_44_fu_3122_p3   |    select|   0|  0|  27|           1|          27|
    |select_ln44_45_fu_3134_p3   |    select|   0|  0|  27|           1|          27|
    |select_ln44_46_fu_3146_p3   |    select|   0|  0|  21|           1|          21|
    |select_ln44_47_fu_3158_p3   |    select|   0|  0|  21|           1|          21|
    |select_ln44_48_fu_3170_p3   |    select|   0|  0|  27|           1|          27|
    |select_ln44_49_fu_3182_p3   |    select|   0|  0|  23|           1|          23|
    |select_ln44_4_fu_2642_p3    |    select|   0|  0|  29|           1|          29|
    |select_ln44_50_fu_3194_p3   |    select|   0|  0|  27|           1|          27|
    |select_ln44_51_fu_3206_p3   |    select|   0|  0|  18|           1|          18|
    |select_ln44_52_fu_3218_p3   |    select|   0|  0|  28|           1|          28|
    |select_ln44_53_fu_3230_p3   |    select|   0|  0|  25|           1|          25|
    |select_ln44_54_fu_3242_p3   |    select|   0|  0|  28|           1|          28|
    |select_ln44_55_fu_3254_p3   |    select|   0|  0|  29|           1|          29|
    |select_ln44_56_fu_3266_p3   |    select|   0|  0|  22|           1|          22|
    |select_ln44_57_fu_3278_p3   |    select|   0|  0|  31|           1|          31|
    |select_ln44_58_fu_3290_p3   |    select|   0|  0|  31|           1|          31|
    |select_ln44_59_fu_3302_p3   |    select|   0|  0|  27|           1|          27|
    |select_ln44_5_fu_2654_p3    |    select|   0|  0|  27|           1|          27|
    |select_ln44_60_fu_3314_p3   |    select|   0|  0|  29|           1|          29|
    |select_ln44_61_fu_3326_p3   |    select|   0|  0|  30|           1|          30|
    |select_ln44_62_fu_3338_p3   |    select|   0|  0|  26|           1|          26|
    |select_ln44_63_fu_3350_p3   |    select|   0|  0|  28|           1|          28|
    |select_ln44_64_fu_3362_p3   |    select|   0|  0|  30|           1|          30|
    |select_ln44_65_fu_3374_p3   |    select|   0|  0|  22|           1|          22|
    |select_ln44_66_fu_3386_p3   |    select|   0|  0|  22|           1|          22|
    |select_ln44_67_fu_3398_p3   |    select|   0|  0|  25|           1|          25|
    |select_ln44_68_fu_3410_p3   |    select|   0|  0|  28|           1|          28|
    |select_ln44_69_fu_3422_p3   |    select|   0|  0|  29|           1|          29|
    |select_ln44_6_fu_2666_p3    |    select|   0|  0|  23|           1|          23|
    |select_ln44_70_fu_3434_p3   |    select|   0|  0|  22|           1|          22|
    |select_ln44_71_fu_3446_p3   |    select|   0|  0|  31|           1|          31|
    |select_ln44_72_fu_3458_p3   |    select|   0|  0|  31|           1|          31|
    |select_ln44_73_fu_3470_p3   |    select|   0|  0|  27|           1|          27|
    |select_ln44_74_fu_3482_p3   |    select|   0|  0|  29|           1|          29|
    |select_ln44_75_fu_3494_p3   |    select|   0|  0|  30|           1|          30|
    |select_ln44_76_fu_3506_p3   |    select|   0|  0|  26|           1|          26|
    |select_ln44_77_fu_3518_p3   |    select|   0|  0|  28|           1|          28|
    |select_ln44_78_fu_3530_p3   |    select|   0|  0|  30|           1|          30|
    |select_ln44_79_fu_3542_p3   |    select|   0|  0|  22|           1|          22|
    |select_ln44_7_fu_2678_p3    |    select|   0|  0|  31|           1|          31|
    |select_ln44_80_fu_3554_p3   |    select|   0|  0|  22|           1|          22|
    |select_ln44_81_fu_3566_p3   |    select|   0|  0|  22|           1|          22|
    |select_ln44_82_fu_3578_p3   |    select|   0|  0|  22|           1|          22|
    |select_ln44_83_fu_3590_p3   |    select|   0|  0|  26|           1|          26|
    |select_ln44_84_fu_3602_p3   |    select|   0|  0|  27|           1|          27|
    |select_ln44_85_fu_3614_p3   |    select|   0|  0|  30|           1|          30|
    |select_ln44_86_fu_3626_p3   |    select|   0|  0|  22|           1|          22|
    |select_ln44_87_fu_3638_p3   |    select|   0|  0|  25|           1|          25|
    |select_ln44_88_fu_3650_p3   |    select|   0|  0|  28|           1|          28|
    |select_ln44_89_fu_3662_p3   |    select|   0|  0|  27|           1|          27|
    |select_ln44_8_fu_2690_p3    |    select|   0|  0|  18|           1|          18|
    |select_ln44_90_fu_3674_p3   |    select|   0|  0|  21|           1|          21|
    |select_ln44_91_fu_3686_p3   |    select|   0|  0|  30|           1|          30|
    |select_ln44_92_fu_3698_p3   |    select|   0|  0|  27|           1|          27|
    |select_ln44_93_fu_3710_p3   |    select|   0|  0|  23|           1|          23|
    |select_ln44_94_fu_3722_p3   |    select|   0|  0|  29|           1|          29|
    |select_ln44_95_fu_3734_p3   |    select|   0|  0|  18|           1|          18|
    |select_ln44_96_fu_3746_p3   |    select|   0|  0|  28|           1|          28|
    |select_ln44_97_fu_3758_p3   |    select|   0|  0|  31|           1|          31|
    |select_ln44_98_fu_3770_p3   |    select|   0|  0|  28|           1|          28|
    |select_ln44_99_fu_3782_p3   |    select|   0|  0|  29|           1|          29|
    |select_ln44_9_fu_2702_p3    |    select|   0|  0|  28|           1|          28|
    |select_ln44_fu_2594_p3      |    select|   0|  0|  25|           1|          25|
    +----------------------------+----------+----+---+----+------------+------------+
    |Total                       |          |   0|  0|4192|         160|        4192|
    +----------------------------+----------+----+---+----+------------+------------+

    * Multiplexer: 
    N/A

    * Register: 
    N/A



================================================================
== Interface
================================================================
* Summary: 
+---------------+-----+-----+------------+---------------+--------------+
|   RTL Ports   | Dir | Bits|  Protocol  | Source Object |    C Type    |
+---------------+-----+-----+------------+---------------+--------------+
|ap_ready       |  out|    1|  ap_ctrl_hs|  fill_buffer.1|  return value|
|ap_return_0    |  out|   33|  ap_ctrl_hs|  fill_buffer.1|  return value|
|ap_return_1    |  out|   33|  ap_ctrl_hs|  fill_buffer.1|  return value|
|ap_return_2    |  out|   33|  ap_ctrl_hs|  fill_buffer.1|  return value|
|ap_return_3    |  out|   33|  ap_ctrl_hs|  fill_buffer.1|  return value|
|ap_return_4    |  out|   33|  ap_ctrl_hs|  fill_buffer.1|  return value|
|ap_return_5    |  out|   33|  ap_ctrl_hs|  fill_buffer.1|  return value|
|ap_return_6    |  out|   33|  ap_ctrl_hs|  fill_buffer.1|  return value|
|ap_return_7    |  out|   33|  ap_ctrl_hs|  fill_buffer.1|  return value|
|ap_return_8    |  out|   33|  ap_ctrl_hs|  fill_buffer.1|  return value|
|ap_return_9    |  out|   33|  ap_ctrl_hs|  fill_buffer.1|  return value|
|ap_return_10   |  out|   33|  ap_ctrl_hs|  fill_buffer.1|  return value|
|ap_return_11   |  out|   33|  ap_ctrl_hs|  fill_buffer.1|  return value|
|ap_return_12   |  out|   33|  ap_ctrl_hs|  fill_buffer.1|  return value|
|ap_return_13   |  out|   33|  ap_ctrl_hs|  fill_buffer.1|  return value|
|ap_return_14   |  out|   33|  ap_ctrl_hs|  fill_buffer.1|  return value|
|ap_return_15   |  out|   33|  ap_ctrl_hs|  fill_buffer.1|  return value|
|ap_return_16   |  out|   33|  ap_ctrl_hs|  fill_buffer.1|  return value|
|ap_return_17   |  out|   33|  ap_ctrl_hs|  fill_buffer.1|  return value|
|ap_return_18   |  out|   33|  ap_ctrl_hs|  fill_buffer.1|  return value|
|ap_return_19   |  out|   33|  ap_ctrl_hs|  fill_buffer.1|  return value|
|ap_return_20   |  out|   33|  ap_ctrl_hs|  fill_buffer.1|  return value|
|ap_return_21   |  out|   33|  ap_ctrl_hs|  fill_buffer.1|  return value|
|ap_return_22   |  out|   33|  ap_ctrl_hs|  fill_buffer.1|  return value|
|ap_return_23   |  out|   33|  ap_ctrl_hs|  fill_buffer.1|  return value|
|ap_return_24   |  out|   33|  ap_ctrl_hs|  fill_buffer.1|  return value|
|ap_return_25   |  out|   33|  ap_ctrl_hs|  fill_buffer.1|  return value|
|ap_return_26   |  out|   33|  ap_ctrl_hs|  fill_buffer.1|  return value|
|ap_return_27   |  out|   33|  ap_ctrl_hs|  fill_buffer.1|  return value|
|ap_return_28   |  out|   33|  ap_ctrl_hs|  fill_buffer.1|  return value|
|ap_return_29   |  out|   33|  ap_ctrl_hs|  fill_buffer.1|  return value|
|ap_return_30   |  out|   33|  ap_ctrl_hs|  fill_buffer.1|  return value|
|ap_return_31   |  out|   33|  ap_ctrl_hs|  fill_buffer.1|  return value|
|ap_return_32   |  out|   33|  ap_ctrl_hs|  fill_buffer.1|  return value|
|ap_return_33   |  out|   33|  ap_ctrl_hs|  fill_buffer.1|  return value|
|ap_return_34   |  out|   33|  ap_ctrl_hs|  fill_buffer.1|  return value|
|ap_return_35   |  out|   33|  ap_ctrl_hs|  fill_buffer.1|  return value|
|ap_return_36   |  out|   33|  ap_ctrl_hs|  fill_buffer.1|  return value|
|ap_return_37   |  out|   33|  ap_ctrl_hs|  fill_buffer.1|  return value|
|ap_return_38   |  out|   33|  ap_ctrl_hs|  fill_buffer.1|  return value|
|ap_return_39   |  out|   33|  ap_ctrl_hs|  fill_buffer.1|  return value|
|ap_return_40   |  out|   33|  ap_ctrl_hs|  fill_buffer.1|  return value|
|ap_return_41   |  out|   33|  ap_ctrl_hs|  fill_buffer.1|  return value|
|ap_return_42   |  out|   33|  ap_ctrl_hs|  fill_buffer.1|  return value|
|ap_return_43   |  out|   33|  ap_ctrl_hs|  fill_buffer.1|  return value|
|ap_return_44   |  out|   33|  ap_ctrl_hs|  fill_buffer.1|  return value|
|ap_return_45   |  out|   33|  ap_ctrl_hs|  fill_buffer.1|  return value|
|ap_return_46   |  out|   33|  ap_ctrl_hs|  fill_buffer.1|  return value|
|ap_return_47   |  out|   33|  ap_ctrl_hs|  fill_buffer.1|  return value|
|ap_return_48   |  out|   33|  ap_ctrl_hs|  fill_buffer.1|  return value|
|ap_return_49   |  out|   33|  ap_ctrl_hs|  fill_buffer.1|  return value|
|ap_return_50   |  out|   33|  ap_ctrl_hs|  fill_buffer.1|  return value|
|ap_return_51   |  out|   33|  ap_ctrl_hs|  fill_buffer.1|  return value|
|ap_return_52   |  out|   33|  ap_ctrl_hs|  fill_buffer.1|  return value|
|ap_return_53   |  out|   33|  ap_ctrl_hs|  fill_buffer.1|  return value|
|ap_return_54   |  out|   33|  ap_ctrl_hs|  fill_buffer.1|  return value|
|ap_return_55   |  out|   33|  ap_ctrl_hs|  fill_buffer.1|  return value|
|ap_return_56   |  out|   33|  ap_ctrl_hs|  fill_buffer.1|  return value|
|ap_return_57   |  out|   33|  ap_ctrl_hs|  fill_buffer.1|  return value|
|ap_return_58   |  out|   33|  ap_ctrl_hs|  fill_buffer.1|  return value|
|ap_return_59   |  out|   33|  ap_ctrl_hs|  fill_buffer.1|  return value|
|ap_return_60   |  out|   33|  ap_ctrl_hs|  fill_buffer.1|  return value|
|ap_return_61   |  out|   33|  ap_ctrl_hs|  fill_buffer.1|  return value|
|ap_return_62   |  out|   33|  ap_ctrl_hs|  fill_buffer.1|  return value|
|ap_return_63   |  out|   33|  ap_ctrl_hs|  fill_buffer.1|  return value|
|ap_return_64   |  out|   33|  ap_ctrl_hs|  fill_buffer.1|  return value|
|ap_return_65   |  out|   33|  ap_ctrl_hs|  fill_buffer.1|  return value|
|ap_return_66   |  out|   33|  ap_ctrl_hs|  fill_buffer.1|  return value|
|ap_return_67   |  out|   33|  ap_ctrl_hs|  fill_buffer.1|  return value|
|ap_return_68   |  out|   33|  ap_ctrl_hs|  fill_buffer.1|  return value|
|ap_return_69   |  out|   33|  ap_ctrl_hs|  fill_buffer.1|  return value|
|ap_return_70   |  out|   33|  ap_ctrl_hs|  fill_buffer.1|  return value|
|ap_return_71   |  out|   33|  ap_ctrl_hs|  fill_buffer.1|  return value|
|ap_return_72   |  out|   33|  ap_ctrl_hs|  fill_buffer.1|  return value|
|ap_return_73   |  out|   33|  ap_ctrl_hs|  fill_buffer.1|  return value|
|ap_return_74   |  out|   33|  ap_ctrl_hs|  fill_buffer.1|  return value|
|ap_return_75   |  out|   33|  ap_ctrl_hs|  fill_buffer.1|  return value|
|ap_return_76   |  out|   33|  ap_ctrl_hs|  fill_buffer.1|  return value|
|ap_return_77   |  out|   33|  ap_ctrl_hs|  fill_buffer.1|  return value|
|ap_return_78   |  out|   33|  ap_ctrl_hs|  fill_buffer.1|  return value|
|ap_return_79   |  out|   33|  ap_ctrl_hs|  fill_buffer.1|  return value|
|ap_return_80   |  out|   33|  ap_ctrl_hs|  fill_buffer.1|  return value|
|ap_return_81   |  out|   33|  ap_ctrl_hs|  fill_buffer.1|  return value|
|ap_return_82   |  out|   33|  ap_ctrl_hs|  fill_buffer.1|  return value|
|ap_return_83   |  out|   33|  ap_ctrl_hs|  fill_buffer.1|  return value|
|ap_return_84   |  out|   33|  ap_ctrl_hs|  fill_buffer.1|  return value|
|ap_return_85   |  out|   33|  ap_ctrl_hs|  fill_buffer.1|  return value|
|ap_return_86   |  out|   33|  ap_ctrl_hs|  fill_buffer.1|  return value|
|ap_return_87   |  out|   33|  ap_ctrl_hs|  fill_buffer.1|  return value|
|ap_return_88   |  out|   33|  ap_ctrl_hs|  fill_buffer.1|  return value|
|ap_return_89   |  out|   33|  ap_ctrl_hs|  fill_buffer.1|  return value|
|ap_return_90   |  out|   33|  ap_ctrl_hs|  fill_buffer.1|  return value|
|ap_return_91   |  out|   33|  ap_ctrl_hs|  fill_buffer.1|  return value|
|ap_return_92   |  out|   33|  ap_ctrl_hs|  fill_buffer.1|  return value|
|ap_return_93   |  out|   33|  ap_ctrl_hs|  fill_buffer.1|  return value|
|ap_return_94   |  out|   33|  ap_ctrl_hs|  fill_buffer.1|  return value|
|ap_return_95   |  out|   33|  ap_ctrl_hs|  fill_buffer.1|  return value|
|ap_return_96   |  out|   33|  ap_ctrl_hs|  fill_buffer.1|  return value|
|ap_return_97   |  out|   33|  ap_ctrl_hs|  fill_buffer.1|  return value|
|ap_return_98   |  out|   33|  ap_ctrl_hs|  fill_buffer.1|  return value|
|ap_return_99   |  out|   33|  ap_ctrl_hs|  fill_buffer.1|  return value|
|ap_return_100  |  out|   33|  ap_ctrl_hs|  fill_buffer.1|  return value|
|ap_return_101  |  out|   33|  ap_ctrl_hs|  fill_buffer.1|  return value|
|ap_return_102  |  out|   33|  ap_ctrl_hs|  fill_buffer.1|  return value|
|ap_return_103  |  out|   33|  ap_ctrl_hs|  fill_buffer.1|  return value|
|ap_return_104  |  out|   33|  ap_ctrl_hs|  fill_buffer.1|  return value|
|ap_return_105  |  out|   33|  ap_ctrl_hs|  fill_buffer.1|  return value|
|ap_return_106  |  out|   33|  ap_ctrl_hs|  fill_buffer.1|  return value|
|ap_return_107  |  out|   33|  ap_ctrl_hs|  fill_buffer.1|  return value|
|ap_return_108  |  out|   33|  ap_ctrl_hs|  fill_buffer.1|  return value|
|ap_return_109  |  out|   33|  ap_ctrl_hs|  fill_buffer.1|  return value|
|ap_return_110  |  out|   33|  ap_ctrl_hs|  fill_buffer.1|  return value|
|ap_return_111  |  out|   33|  ap_ctrl_hs|  fill_buffer.1|  return value|
|ap_return_112  |  out|   33|  ap_ctrl_hs|  fill_buffer.1|  return value|
|ap_return_113  |  out|   33|  ap_ctrl_hs|  fill_buffer.1|  return value|
|ap_return_114  |  out|   33|  ap_ctrl_hs|  fill_buffer.1|  return value|
|ap_return_115  |  out|   33|  ap_ctrl_hs|  fill_buffer.1|  return value|
|ap_return_116  |  out|   33|  ap_ctrl_hs|  fill_buffer.1|  return value|
|ap_return_117  |  out|   33|  ap_ctrl_hs|  fill_buffer.1|  return value|
|ap_return_118  |  out|   33|  ap_ctrl_hs|  fill_buffer.1|  return value|
|ap_return_119  |  out|   33|  ap_ctrl_hs|  fill_buffer.1|  return value|
|ap_return_120  |  out|   33|  ap_ctrl_hs|  fill_buffer.1|  return value|
|ap_return_121  |  out|   33|  ap_ctrl_hs|  fill_buffer.1|  return value|
|ap_return_122  |  out|   33|  ap_ctrl_hs|  fill_buffer.1|  return value|
|ap_return_123  |  out|   33|  ap_ctrl_hs|  fill_buffer.1|  return value|
|ap_return_124  |  out|   33|  ap_ctrl_hs|  fill_buffer.1|  return value|
|ap_return_125  |  out|   33|  ap_ctrl_hs|  fill_buffer.1|  return value|
|ap_return_126  |  out|   33|  ap_ctrl_hs|  fill_buffer.1|  return value|
|ap_return_127  |  out|   33|  ap_ctrl_hs|  fill_buffer.1|  return value|
|ap_return_128  |  out|   33|  ap_ctrl_hs|  fill_buffer.1|  return value|
|ap_return_129  |  out|   33|  ap_ctrl_hs|  fill_buffer.1|  return value|
|ap_return_130  |  out|   33|  ap_ctrl_hs|  fill_buffer.1|  return value|
|ap_return_131  |  out|   33|  ap_ctrl_hs|  fill_buffer.1|  return value|
|ap_return_132  |  out|   33|  ap_ctrl_hs|  fill_buffer.1|  return value|
|ap_return_133  |  out|   33|  ap_ctrl_hs|  fill_buffer.1|  return value|
|ap_return_134  |  out|   33|  ap_ctrl_hs|  fill_buffer.1|  return value|
|ap_return_135  |  out|   33|  ap_ctrl_hs|  fill_buffer.1|  return value|
|ap_return_136  |  out|   33|  ap_ctrl_hs|  fill_buffer.1|  return value|
|ap_return_137  |  out|   33|  ap_ctrl_hs|  fill_buffer.1|  return value|
|ap_return_138  |  out|   33|  ap_ctrl_hs|  fill_buffer.1|  return value|
|ap_return_139  |  out|   33|  ap_ctrl_hs|  fill_buffer.1|  return value|
|ap_return_140  |  out|   33|  ap_ctrl_hs|  fill_buffer.1|  return value|
|ap_return_141  |  out|   33|  ap_ctrl_hs|  fill_buffer.1|  return value|
|ap_return_142  |  out|   33|  ap_ctrl_hs|  fill_buffer.1|  return value|
|ap_return_143  |  out|   33|  ap_ctrl_hs|  fill_buffer.1|  return value|
|ap_return_144  |  out|   33|  ap_ctrl_hs|  fill_buffer.1|  return value|
|ap_return_145  |  out|   33|  ap_ctrl_hs|  fill_buffer.1|  return value|
|ap_return_146  |  out|   33|  ap_ctrl_hs|  fill_buffer.1|  return value|
|ap_return_147  |  out|   33|  ap_ctrl_hs|  fill_buffer.1|  return value|
|ap_return_148  |  out|   33|  ap_ctrl_hs|  fill_buffer.1|  return value|
|ap_return_149  |  out|   33|  ap_ctrl_hs|  fill_buffer.1|  return value|
|ap_return_150  |  out|   33|  ap_ctrl_hs|  fill_buffer.1|  return value|
|ap_return_151  |  out|   33|  ap_ctrl_hs|  fill_buffer.1|  return value|
|ap_return_152  |  out|   33|  ap_ctrl_hs|  fill_buffer.1|  return value|
|ap_return_153  |  out|   33|  ap_ctrl_hs|  fill_buffer.1|  return value|
|ap_return_154  |  out|   33|  ap_ctrl_hs|  fill_buffer.1|  return value|
|ap_return_155  |  out|   33|  ap_ctrl_hs|  fill_buffer.1|  return value|
|ap_return_156  |  out|   33|  ap_ctrl_hs|  fill_buffer.1|  return value|
|ap_return_157  |  out|   33|  ap_ctrl_hs|  fill_buffer.1|  return value|
|ap_return_158  |  out|   33|  ap_ctrl_hs|  fill_buffer.1|  return value|
|ap_return_159  |  out|   33|  ap_ctrl_hs|  fill_buffer.1|  return value|
|p_read         |   in|   22|     ap_none|         p_read|        scalar|
|p_read1        |   in|   27|     ap_none|        p_read1|        scalar|
|p_read2        |   in|   26|     ap_none|        p_read2|        scalar|
|p_read3        |   in|   22|     ap_none|        p_read3|        scalar|
|p_read4        |   in|   22|     ap_none|        p_read4|        scalar|
|p_read5        |   in|   30|     ap_none|        p_read5|        scalar|
|p_read6        |   in|   28|     ap_none|        p_read6|        scalar|
|p_read7        |   in|   30|     ap_none|        p_read7|        scalar|
|p_read8        |   in|   29|     ap_none|        p_read8|        scalar|
|p_read9        |   in|   31|     ap_none|        p_read9|        scalar|
|p_read10       |   in|   31|     ap_none|       p_read10|        scalar|
|p_read11       |   in|   29|     ap_none|       p_read11|        scalar|
|p_read12       |   in|   28|     ap_none|       p_read12|        scalar|
|p_read13       |   in|   28|     ap_none|       p_read13|        scalar|
|p_read14       |   in|   18|     ap_none|       p_read14|        scalar|
|p_read15       |   in|   23|     ap_none|       p_read15|        scalar|
|p_read16       |   in|   27|     ap_none|       p_read16|        scalar|
|p_read17       |   in|   21|     ap_none|       p_read17|        scalar|
|p_read18       |   in|   27|     ap_none|       p_read18|        scalar|
|p_read19       |   in|   25|     ap_none|       p_read19|        scalar|
|p_read20       |   in|   22|     ap_none|       p_read20|        scalar|
|p_read21       |   in|   27|     ap_none|       p_read21|        scalar|
|p_read22       |   in|   26|     ap_none|       p_read22|        scalar|
|p_read23       |   in|   22|     ap_none|       p_read23|        scalar|
|p_read24       |   in|   22|     ap_none|       p_read24|        scalar|
|p_read25       |   in|   30|     ap_none|       p_read25|        scalar|
|p_read26       |   in|   28|     ap_none|       p_read26|        scalar|
|p_read27       |   in|   30|     ap_none|       p_read27|        scalar|
|p_read28       |   in|   29|     ap_none|       p_read28|        scalar|
|p_read29       |   in|   31|     ap_none|       p_read29|        scalar|
|p_read30       |   in|   31|     ap_none|       p_read30|        scalar|
|p_read31       |   in|   29|     ap_none|       p_read31|        scalar|
|p_read32       |   in|   28|     ap_none|       p_read32|        scalar|
|p_read33       |   in|   28|     ap_none|       p_read33|        scalar|
|p_read34       |   in|   18|     ap_none|       p_read34|        scalar|
|p_read35       |   in|   23|     ap_none|       p_read35|        scalar|
|p_read36       |   in|   27|     ap_none|       p_read36|        scalar|
|p_read37       |   in|   21|     ap_none|       p_read37|        scalar|
|p_read38       |   in|   27|     ap_none|       p_read38|        scalar|
|p_read39       |   in|   25|     ap_none|       p_read39|        scalar|
|p_read40       |   in|   22|     ap_none|       p_read40|        scalar|
|p_read41       |   in|   27|     ap_none|       p_read41|        scalar|
|p_read42       |   in|   26|     ap_none|       p_read42|        scalar|
|p_read43       |   in|   22|     ap_none|       p_read43|        scalar|
|p_read44       |   in|   22|     ap_none|       p_read44|        scalar|
|p_read45       |   in|   30|     ap_none|       p_read45|        scalar|
|p_read46       |   in|   28|     ap_none|       p_read46|        scalar|
|p_read47       |   in|   30|     ap_none|       p_read47|        scalar|
|p_read48       |   in|   29|     ap_none|       p_read48|        scalar|
|p_read49       |   in|   31|     ap_none|       p_read49|        scalar|
|p_read50       |   in|   31|     ap_none|       p_read50|        scalar|
|p_read51       |   in|   29|     ap_none|       p_read51|        scalar|
|p_read52       |   in|   28|     ap_none|       p_read52|        scalar|
|p_read53       |   in|   28|     ap_none|       p_read53|        scalar|
|p_read54       |   in|   18|     ap_none|       p_read54|        scalar|
|p_read55       |   in|   23|     ap_none|       p_read55|        scalar|
|p_read56       |   in|   27|     ap_none|       p_read56|        scalar|
|p_read57       |   in|   21|     ap_none|       p_read57|        scalar|
|p_read58       |   in|   27|     ap_none|       p_read58|        scalar|
|p_read59       |   in|   25|     ap_none|       p_read59|        scalar|
|p_read60       |   in|   22|     ap_none|       p_read60|        scalar|
|p_read61       |   in|   27|     ap_none|       p_read61|        scalar|
|p_read62       |   in|   26|     ap_none|       p_read62|        scalar|
|p_read63       |   in|   22|     ap_none|       p_read63|        scalar|
|p_read64       |   in|   22|     ap_none|       p_read64|        scalar|
|p_read65       |   in|   30|     ap_none|       p_read65|        scalar|
|p_read66       |   in|   28|     ap_none|       p_read66|        scalar|
|p_read67       |   in|   30|     ap_none|       p_read67|        scalar|
|p_read68       |   in|   29|     ap_none|       p_read68|        scalar|
|p_read69       |   in|   31|     ap_none|       p_read69|        scalar|
|p_read70       |   in|   31|     ap_none|       p_read70|        scalar|
|p_read71       |   in|   29|     ap_none|       p_read71|        scalar|
|p_read72       |   in|   28|     ap_none|       p_read72|        scalar|
|p_read73       |   in|   28|     ap_none|       p_read73|        scalar|
|p_read74       |   in|   18|     ap_none|       p_read74|        scalar|
|p_read75       |   in|   23|     ap_none|       p_read75|        scalar|
|p_read76       |   in|   27|     ap_none|       p_read76|        scalar|
|p_read77       |   in|   21|     ap_none|       p_read77|        scalar|
|p_read78       |   in|   27|     ap_none|       p_read78|        scalar|
|p_read79       |   in|   25|     ap_none|       p_read79|        scalar|
|p_read80       |   in|   22|     ap_none|       p_read80|        scalar|
|p_read81       |   in|   27|     ap_none|       p_read81|        scalar|
|p_read82       |   in|   26|     ap_none|       p_read82|        scalar|
|p_read83       |   in|   22|     ap_none|       p_read83|        scalar|
|p_read84       |   in|   22|     ap_none|       p_read84|        scalar|
|p_read85       |   in|   30|     ap_none|       p_read85|        scalar|
|p_read86       |   in|   28|     ap_none|       p_read86|        scalar|
|p_read87       |   in|   30|     ap_none|       p_read87|        scalar|
|p_read88       |   in|   29|     ap_none|       p_read88|        scalar|
|p_read89       |   in|   31|     ap_none|       p_read89|        scalar|
|p_read90       |   in|   31|     ap_none|       p_read90|        scalar|
|p_read91       |   in|   29|     ap_none|       p_read91|        scalar|
|p_read92       |   in|   28|     ap_none|       p_read92|        scalar|
|p_read93       |   in|   28|     ap_none|       p_read93|        scalar|
|p_read94       |   in|   18|     ap_none|       p_read94|        scalar|
|p_read95       |   in|   23|     ap_none|       p_read95|        scalar|
|p_read96       |   in|   27|     ap_none|       p_read96|        scalar|
|p_read97       |   in|   21|     ap_none|       p_read97|        scalar|
|p_read98       |   in|   27|     ap_none|       p_read98|        scalar|
|p_read99       |   in|   25|     ap_none|       p_read99|        scalar|
|p_read100      |   in|   22|     ap_none|      p_read100|        scalar|
|p_read101      |   in|   27|     ap_none|      p_read101|        scalar|
|p_read102      |   in|   26|     ap_none|      p_read102|        scalar|
|p_read103      |   in|   22|     ap_none|      p_read103|        scalar|
|p_read104      |   in|   22|     ap_none|      p_read104|        scalar|
|p_read105      |   in|   30|     ap_none|      p_read105|        scalar|
|p_read106      |   in|   28|     ap_none|      p_read106|        scalar|
|p_read107      |   in|   30|     ap_none|      p_read107|        scalar|
|p_read108      |   in|   29|     ap_none|      p_read108|        scalar|
|p_read109      |   in|   31|     ap_none|      p_read109|        scalar|
|p_read110      |   in|   31|     ap_none|      p_read110|        scalar|
|p_read111      |   in|   29|     ap_none|      p_read111|        scalar|
|p_read112      |   in|   28|     ap_none|      p_read112|        scalar|
|p_read113      |   in|   28|     ap_none|      p_read113|        scalar|
|p_read114      |   in|   18|     ap_none|      p_read114|        scalar|
|p_read115      |   in|   23|     ap_none|      p_read115|        scalar|
|p_read116      |   in|   27|     ap_none|      p_read116|        scalar|
|p_read117      |   in|   21|     ap_none|      p_read117|        scalar|
|p_read118      |   in|   27|     ap_none|      p_read118|        scalar|
|p_read119      |   in|   25|     ap_none|      p_read119|        scalar|
|p_read120      |   in|   22|     ap_none|      p_read120|        scalar|
|p_read121      |   in|   27|     ap_none|      p_read121|        scalar|
|p_read122      |   in|   26|     ap_none|      p_read122|        scalar|
|p_read123      |   in|   22|     ap_none|      p_read123|        scalar|
|p_read124      |   in|   22|     ap_none|      p_read124|        scalar|
|p_read125      |   in|   30|     ap_none|      p_read125|        scalar|
|p_read126      |   in|   28|     ap_none|      p_read126|        scalar|
|p_read127      |   in|   30|     ap_none|      p_read127|        scalar|
|p_read128      |   in|   29|     ap_none|      p_read128|        scalar|
|p_read129      |   in|   31|     ap_none|      p_read129|        scalar|
|p_read130      |   in|   31|     ap_none|      p_read130|        scalar|
|p_read131      |   in|   29|     ap_none|      p_read131|        scalar|
|p_read132      |   in|   28|     ap_none|      p_read132|        scalar|
|p_read133      |   in|   28|     ap_none|      p_read133|        scalar|
|p_read134      |   in|   18|     ap_none|      p_read134|        scalar|
|p_read135      |   in|   23|     ap_none|      p_read135|        scalar|
|p_read136      |   in|   27|     ap_none|      p_read136|        scalar|
|p_read137      |   in|   21|     ap_none|      p_read137|        scalar|
|p_read138      |   in|   27|     ap_none|      p_read138|        scalar|
|p_read139      |   in|   25|     ap_none|      p_read139|        scalar|
|p_read140      |   in|   22|     ap_none|      p_read140|        scalar|
|p_read141      |   in|   27|     ap_none|      p_read141|        scalar|
|p_read142      |   in|   26|     ap_none|      p_read142|        scalar|
|p_read143      |   in|   22|     ap_none|      p_read143|        scalar|
|p_read144      |   in|   22|     ap_none|      p_read144|        scalar|
|p_read145      |   in|   30|     ap_none|      p_read145|        scalar|
|p_read146      |   in|   28|     ap_none|      p_read146|        scalar|
|p_read147      |   in|   30|     ap_none|      p_read147|        scalar|
|p_read148      |   in|   29|     ap_none|      p_read148|        scalar|
|p_read149      |   in|   31|     ap_none|      p_read149|        scalar|
|p_read150      |   in|   31|     ap_none|      p_read150|        scalar|
|p_read151      |   in|   29|     ap_none|      p_read151|        scalar|
|p_read152      |   in|   28|     ap_none|      p_read152|        scalar|
|p_read153      |   in|   28|     ap_none|      p_read153|        scalar|
|p_read154      |   in|   18|     ap_none|      p_read154|        scalar|
|p_read155      |   in|   23|     ap_none|      p_read155|        scalar|
|p_read156      |   in|   27|     ap_none|      p_read156|        scalar|
|p_read157      |   in|   21|     ap_none|      p_read157|        scalar|
|p_read158      |   in|   27|     ap_none|      p_read158|        scalar|
|p_read159      |   in|   25|     ap_none|      p_read159|        scalar|
|p_read160      |   in|   22|     ap_none|      p_read160|        scalar|
|p_read161      |   in|   27|     ap_none|      p_read161|        scalar|
|p_read162      |   in|   26|     ap_none|      p_read162|        scalar|
|p_read163      |   in|   22|     ap_none|      p_read163|        scalar|
|p_read164      |   in|   22|     ap_none|      p_read164|        scalar|
|p_read165      |   in|   30|     ap_none|      p_read165|        scalar|
|p_read166      |   in|   28|     ap_none|      p_read166|        scalar|
|p_read167      |   in|   30|     ap_none|      p_read167|        scalar|
|p_read168      |   in|   29|     ap_none|      p_read168|        scalar|
|p_read169      |   in|   31|     ap_none|      p_read169|        scalar|
|p_read170      |   in|   31|     ap_none|      p_read170|        scalar|
|p_read171      |   in|   29|     ap_none|      p_read171|        scalar|
|p_read172      |   in|   28|     ap_none|      p_read172|        scalar|
|p_read173      |   in|   28|     ap_none|      p_read173|        scalar|
|p_read174      |   in|   18|     ap_none|      p_read174|        scalar|
|p_read175      |   in|   23|     ap_none|      p_read175|        scalar|
|p_read176      |   in|   27|     ap_none|      p_read176|        scalar|
|p_read177      |   in|   21|     ap_none|      p_read177|        scalar|
|p_read178      |   in|   27|     ap_none|      p_read178|        scalar|
|p_read179      |   in|   25|     ap_none|      p_read179|        scalar|
|p_read180      |   in|   22|     ap_none|      p_read180|        scalar|
|p_read181      |   in|   27|     ap_none|      p_read181|        scalar|
|p_read182      |   in|   26|     ap_none|      p_read182|        scalar|
|p_read183      |   in|   22|     ap_none|      p_read183|        scalar|
|p_read184      |   in|   22|     ap_none|      p_read184|        scalar|
|p_read185      |   in|   30|     ap_none|      p_read185|        scalar|
|p_read186      |   in|   28|     ap_none|      p_read186|        scalar|
|p_read187      |   in|   30|     ap_none|      p_read187|        scalar|
|p_read188      |   in|   29|     ap_none|      p_read188|        scalar|
|p_read189      |   in|   31|     ap_none|      p_read189|        scalar|
|p_read190      |   in|   31|     ap_none|      p_read190|        scalar|
|p_read191      |   in|   29|     ap_none|      p_read191|        scalar|
|p_read192      |   in|   28|     ap_none|      p_read192|        scalar|
|p_read193      |   in|   28|     ap_none|      p_read193|        scalar|
|p_read194      |   in|   18|     ap_none|      p_read194|        scalar|
|p_read195      |   in|   23|     ap_none|      p_read195|        scalar|
|p_read196      |   in|   27|     ap_none|      p_read196|        scalar|
|p_read197      |   in|   21|     ap_none|      p_read197|        scalar|
|p_read198      |   in|   27|     ap_none|      p_read198|        scalar|
|p_read199      |   in|   25|     ap_none|      p_read199|        scalar|
|p_read200      |   in|   22|     ap_none|      p_read200|        scalar|
|p_read201      |   in|   27|     ap_none|      p_read201|        scalar|
|p_read202      |   in|   26|     ap_none|      p_read202|        scalar|
|p_read203      |   in|   22|     ap_none|      p_read203|        scalar|
|p_read204      |   in|   22|     ap_none|      p_read204|        scalar|
|p_read205      |   in|   30|     ap_none|      p_read205|        scalar|
|p_read206      |   in|   28|     ap_none|      p_read206|        scalar|
|p_read207      |   in|   30|     ap_none|      p_read207|        scalar|
|p_read208      |   in|   29|     ap_none|      p_read208|        scalar|
|p_read209      |   in|   31|     ap_none|      p_read209|        scalar|
|p_read210      |   in|   31|     ap_none|      p_read210|        scalar|
|p_read211      |   in|   29|     ap_none|      p_read211|        scalar|
|p_read212      |   in|   28|     ap_none|      p_read212|        scalar|
|p_read213      |   in|   28|     ap_none|      p_read213|        scalar|
|p_read214      |   in|   18|     ap_none|      p_read214|        scalar|
|p_read215      |   in|   23|     ap_none|      p_read215|        scalar|
|p_read216      |   in|   27|     ap_none|      p_read216|        scalar|
|p_read217      |   in|   21|     ap_none|      p_read217|        scalar|
|p_read218      |   in|   27|     ap_none|      p_read218|        scalar|
|p_read219      |   in|   25|     ap_none|      p_read219|        scalar|
|p_read220      |   in|   22|     ap_none|      p_read220|        scalar|
|p_read221      |   in|   27|     ap_none|      p_read221|        scalar|
|p_read222      |   in|   26|     ap_none|      p_read222|        scalar|
|p_read223      |   in|   22|     ap_none|      p_read223|        scalar|
|p_read224      |   in|   22|     ap_none|      p_read224|        scalar|
|p_read225      |   in|   30|     ap_none|      p_read225|        scalar|
|p_read226      |   in|   28|     ap_none|      p_read226|        scalar|
|p_read227      |   in|   30|     ap_none|      p_read227|        scalar|
|p_read228      |   in|   29|     ap_none|      p_read228|        scalar|
|p_read229      |   in|   31|     ap_none|      p_read229|        scalar|
|p_read230      |   in|   31|     ap_none|      p_read230|        scalar|
|p_read231      |   in|   29|     ap_none|      p_read231|        scalar|
|p_read232      |   in|   28|     ap_none|      p_read232|        scalar|
|p_read233      |   in|   28|     ap_none|      p_read233|        scalar|
|p_read234      |   in|   18|     ap_none|      p_read234|        scalar|
|p_read235      |   in|   23|     ap_none|      p_read235|        scalar|
|p_read236      |   in|   27|     ap_none|      p_read236|        scalar|
|p_read237      |   in|   21|     ap_none|      p_read237|        scalar|
|p_read238      |   in|   27|     ap_none|      p_read238|        scalar|
|p_read239      |   in|   25|     ap_none|      p_read239|        scalar|
|p_read240      |   in|   22|     ap_none|      p_read240|        scalar|
|p_read241      |   in|   27|     ap_none|      p_read241|        scalar|
|p_read242      |   in|   26|     ap_none|      p_read242|        scalar|
|p_read243      |   in|   22|     ap_none|      p_read243|        scalar|
|p_read244      |   in|   22|     ap_none|      p_read244|        scalar|
|p_read245      |   in|   30|     ap_none|      p_read245|        scalar|
|p_read246      |   in|   28|     ap_none|      p_read246|        scalar|
|p_read247      |   in|   30|     ap_none|      p_read247|        scalar|
|p_read248      |   in|   29|     ap_none|      p_read248|        scalar|
|p_read249      |   in|   31|     ap_none|      p_read249|        scalar|
|p_read250      |   in|   31|     ap_none|      p_read250|        scalar|
|p_read251      |   in|   29|     ap_none|      p_read251|        scalar|
|p_read252      |   in|   28|     ap_none|      p_read252|        scalar|
|p_read253      |   in|   28|     ap_none|      p_read253|        scalar|
|p_read254      |   in|   18|     ap_none|      p_read254|        scalar|
|p_read255      |   in|   23|     ap_none|      p_read255|        scalar|
|p_read256      |   in|   27|     ap_none|      p_read256|        scalar|
|p_read257      |   in|   21|     ap_none|      p_read257|        scalar|
|p_read258      |   in|   27|     ap_none|      p_read258|        scalar|
|p_read259      |   in|   25|     ap_none|      p_read259|        scalar|
|p_read260      |   in|   22|     ap_none|      p_read260|        scalar|
|p_read261      |   in|   27|     ap_none|      p_read261|        scalar|
|p_read262      |   in|   26|     ap_none|      p_read262|        scalar|
|p_read263      |   in|   22|     ap_none|      p_read263|        scalar|
|p_read264      |   in|   22|     ap_none|      p_read264|        scalar|
|p_read265      |   in|   30|     ap_none|      p_read265|        scalar|
|p_read266      |   in|   28|     ap_none|      p_read266|        scalar|
|p_read267      |   in|   30|     ap_none|      p_read267|        scalar|
|p_read268      |   in|   29|     ap_none|      p_read268|        scalar|
|p_read269      |   in|   31|     ap_none|      p_read269|        scalar|
|p_read270      |   in|   31|     ap_none|      p_read270|        scalar|
|p_read271      |   in|   29|     ap_none|      p_read271|        scalar|
|p_read272      |   in|   28|     ap_none|      p_read272|        scalar|
|p_read273      |   in|   28|     ap_none|      p_read273|        scalar|
|p_read274      |   in|   18|     ap_none|      p_read274|        scalar|
|p_read275      |   in|   23|     ap_none|      p_read275|        scalar|
|p_read276      |   in|   27|     ap_none|      p_read276|        scalar|
|p_read277      |   in|   21|     ap_none|      p_read277|        scalar|
|p_read278      |   in|   27|     ap_none|      p_read278|        scalar|
|p_read279      |   in|   25|     ap_none|      p_read279|        scalar|
|p_read280      |   in|   22|     ap_none|      p_read280|        scalar|
|p_read281      |   in|   27|     ap_none|      p_read281|        scalar|
|p_read282      |   in|   26|     ap_none|      p_read282|        scalar|
|p_read283      |   in|   22|     ap_none|      p_read283|        scalar|
|p_read284      |   in|   22|     ap_none|      p_read284|        scalar|
|p_read285      |   in|   30|     ap_none|      p_read285|        scalar|
|p_read286      |   in|   28|     ap_none|      p_read286|        scalar|
|p_read287      |   in|   30|     ap_none|      p_read287|        scalar|
|p_read288      |   in|   29|     ap_none|      p_read288|        scalar|
|p_read289      |   in|   31|     ap_none|      p_read289|        scalar|
|p_read290      |   in|   31|     ap_none|      p_read290|        scalar|
|p_read291      |   in|   29|     ap_none|      p_read291|        scalar|
|p_read292      |   in|   28|     ap_none|      p_read292|        scalar|
|p_read293      |   in|   28|     ap_none|      p_read293|        scalar|
|p_read294      |   in|   18|     ap_none|      p_read294|        scalar|
|p_read295      |   in|   23|     ap_none|      p_read295|        scalar|
|p_read296      |   in|   27|     ap_none|      p_read296|        scalar|
|p_read297      |   in|   21|     ap_none|      p_read297|        scalar|
|p_read298      |   in|   27|     ap_none|      p_read298|        scalar|
|p_read299      |   in|   25|     ap_none|      p_read299|        scalar|
|p_read300      |   in|   22|     ap_none|      p_read300|        scalar|
|p_read301      |   in|   27|     ap_none|      p_read301|        scalar|
|p_read302      |   in|   26|     ap_none|      p_read302|        scalar|
|p_read303      |   in|   22|     ap_none|      p_read303|        scalar|
|p_read304      |   in|   22|     ap_none|      p_read304|        scalar|
|p_read305      |   in|   30|     ap_none|      p_read305|        scalar|
|p_read306      |   in|   28|     ap_none|      p_read306|        scalar|
|p_read307      |   in|   30|     ap_none|      p_read307|        scalar|
|p_read308      |   in|   29|     ap_none|      p_read308|        scalar|
|p_read309      |   in|   31|     ap_none|      p_read309|        scalar|
|p_read310      |   in|   31|     ap_none|      p_read310|        scalar|
|p_read311      |   in|   29|     ap_none|      p_read311|        scalar|
|p_read312      |   in|   28|     ap_none|      p_read312|        scalar|
|p_read313      |   in|   28|     ap_none|      p_read313|        scalar|
|p_read314      |   in|   18|     ap_none|      p_read314|        scalar|
|p_read315      |   in|   23|     ap_none|      p_read315|        scalar|
|p_read316      |   in|   27|     ap_none|      p_read316|        scalar|
|p_read317      |   in|   21|     ap_none|      p_read317|        scalar|
|p_read318      |   in|   27|     ap_none|      p_read318|        scalar|
|p_read319      |   in|   25|     ap_none|      p_read319|        scalar|
|partition      |   in|    1|     ap_none|      partition|        scalar|
+---------------+-----+-----+------------+---------------+--------------+

