

================================================================
== Vitis HLS Report for 'relu_ap_fixed_30_14_5_3_0_ap_ufixed_9_0_4_0_0_relu_config21_s'
================================================================
* Date:           Fri Mar 21 14:34:33 2025

* Version:        2022.2 (Build 3670227 on Oct 13 2022)
* Project:        JetTaggerNN_prj
* Solution:       solution1 (Vivado IP Flow Target)
* Product family: virtexuplus
* Target device:  xcvu9p-flga2104-2L-e


================================================================
== Performance Estimates
================================================================
+ Timing: 
    * Summary: 
    +--------+---------+----------+------------+
    |  Clock |  Target | Estimated| Uncertainty|
    +--------+---------+----------+------------+
    |ap_clk  |  2.80 ns|  1.640 ns|     0.76 ns|
    +--------+---------+----------+------------+

+ Latency: 
    * Summary: 
    +---------+---------+----------+----------+-----+-----+---------+
    |  Latency (cycles) |  Latency (absolute) |  Interval | Pipeline|
    |   min   |   max   |    min   |    max   | min | max |   Type  |
    +---------+---------+----------+----------+-----+-----+---------+
    |        1|        1|  2.800 ns|  2.800 ns|    1|    1|      yes|
    +---------+---------+----------+----------+-----+-----+---------+

    + Detail: 
        * Instance: 
        N/A

        * Loop: 
        N/A



================================================================
== Utilization Estimates
================================================================
* Summary: 
+---------------------+---------+------+---------+---------+-----+
|         Name        | BRAM_18K|  DSP |    FF   |   LUT   | URAM|
+---------------------+---------+------+---------+---------+-----+
|DSP                  |        -|     -|        -|        -|    -|
|Expression           |        -|     -|        0|      787|    -|
|FIFO                 |        -|     -|        -|        -|    -|
|Instance             |        -|     -|        -|        -|    -|
|Memory               |        -|     -|        -|        -|    -|
|Multiplexer          |        -|     -|        -|       90|    -|
|Register             |        -|     -|      309|        -|    -|
+---------------------+---------+------+---------+---------+-----+
|Total                |        0|     0|      309|      877|    0|
+---------------------+---------+------+---------+---------+-----+
|Available SLR        |     1440|  2280|   788160|   394080|  320|
+---------------------+---------+------+---------+---------+-----+
|Utilization SLR (%)  |        0|     0|       ~0|       ~0|    0|
+---------------------+---------+------+---------+---------+-----+
|Available            |     4320|  6840|  2364480|  1182240|  960|
+---------------------+---------+------+---------+---------+-----+
|Utilization (%)      |        0|     0|       ~0|       ~0|    0|
+---------------------+---------+------+---------+---------+-----+

+ Detail: 
    * Instance: 
    N/A

    * DSP: 
    N/A

    * Memory: 
    N/A

    * FIFO: 
    N/A

    * Expression: 
    +--------------------------------+----------+----+---+----+------------+------------+
    |          Variable Name         | Operation| DSP| FF| LUT| Bitwidth P0| Bitwidth P1|
    +--------------------------------+----------+----+---+----+------------+------------+
    |p_Val2_329_fu_452_p2            |         +|   0|  0|  16|           9|           9|
    |p_Val2_331_fu_545_p2            |         +|   0|  0|  16|           9|           9|
    |p_Val2_333_fu_638_p2            |         +|   0|  0|  16|           9|           9|
    |p_Val2_335_fu_731_p2            |         +|   0|  0|  16|           9|           9|
    |p_Val2_337_fu_824_p2            |         +|   0|  0|  16|           9|           9|
    |p_Val2_339_fu_917_p2            |         +|   0|  0|  16|           9|           9|
    |p_Val2_341_fu_1010_p2           |         +|   0|  0|  16|           9|           9|
    |p_Val2_343_fu_1103_p2           |         +|   0|  0|  16|           9|           9|
    |p_Val2_345_fu_1196_p2           |         +|   0|  0|  16|           9|           9|
    |and_ln374_160_fu_535_p2         |       and|   0|  0|   2|           1|           1|
    |and_ln374_161_fu_628_p2         |       and|   0|  0|   2|           1|           1|
    |and_ln374_162_fu_721_p2         |       and|   0|  0|   2|           1|           1|
    |and_ln374_163_fu_814_p2         |       and|   0|  0|   2|           1|           1|
    |and_ln374_164_fu_907_p2         |       and|   0|  0|   2|           1|           1|
    |and_ln374_165_fu_1000_p2        |       and|   0|  0|   2|           1|           1|
    |and_ln374_166_fu_1093_p2        |       and|   0|  0|   2|           1|           1|
    |and_ln374_167_fu_1186_p2        |       and|   0|  0|   2|           1|           1|
    |and_ln374_fu_442_p2             |       and|   0|  0|   2|           1|           1|
    |Range1_all_ones_160_fu_166_p2   |      icmp|   0|  0|  10|           6|           2|
    |Range1_all_ones_161_fu_198_p2   |      icmp|   0|  0|  10|           6|           2|
    |Range1_all_ones_162_fu_230_p2   |      icmp|   0|  0|  10|           6|           2|
    |Range1_all_ones_163_fu_262_p2   |      icmp|   0|  0|  10|           6|           2|
    |Range1_all_ones_164_fu_294_p2   |      icmp|   0|  0|  10|           6|           2|
    |Range1_all_ones_165_fu_326_p2   |      icmp|   0|  0|  10|           6|           2|
    |Range1_all_ones_166_fu_358_p2   |      icmp|   0|  0|  10|           6|           2|
    |Range1_all_ones_167_fu_390_p2   |      icmp|   0|  0|  10|           6|           2|
    |Range1_all_ones_fu_134_p2       |      icmp|   0|  0|  10|           6|           2|
    |Range1_all_zeros_160_fu_172_p2  |      icmp|   0|  0|  10|           6|           1|
    |Range1_all_zeros_161_fu_204_p2  |      icmp|   0|  0|  10|           6|           1|
    |Range1_all_zeros_162_fu_236_p2  |      icmp|   0|  0|  10|           6|           1|
    |Range1_all_zeros_163_fu_268_p2  |      icmp|   0|  0|  10|           6|           1|
    |Range1_all_zeros_164_fu_300_p2  |      icmp|   0|  0|  10|           6|           1|
    |Range1_all_zeros_165_fu_332_p2  |      icmp|   0|  0|  10|           6|           1|
    |Range1_all_zeros_166_fu_364_p2  |      icmp|   0|  0|  10|           6|           1|
    |Range1_all_zeros_167_fu_396_p2  |      icmp|   0|  0|  10|           6|           1|
    |Range1_all_zeros_fu_140_p2      |      icmp|   0|  0|  10|           6|           1|
    |icmp_ln1649_160_fu_495_p2       |      icmp|   0|  0|  15|          22|           1|
    |icmp_ln1649_161_fu_588_p2       |      icmp|   0|  0|  15|          22|           1|
    |icmp_ln1649_162_fu_681_p2       |      icmp|   0|  0|  15|          22|           1|
    |icmp_ln1649_163_fu_774_p2       |      icmp|   0|  0|  15|          22|           1|
    |icmp_ln1649_164_fu_867_p2       |      icmp|   0|  0|  15|          22|           1|
    |icmp_ln1649_165_fu_960_p2       |      icmp|   0|  0|  15|          22|           1|
    |icmp_ln1649_166_fu_1053_p2      |      icmp|   0|  0|  15|          22|           1|
    |icmp_ln1649_167_fu_1146_p2      |      icmp|   0|  0|  15|          22|           1|
    |icmp_ln1649_fu_402_p2           |      icmp|   0|  0|  15|          22|           1|
    |r_160_fu_150_p2                 |      icmp|   0|  0|  10|           6|           1|
    |r_161_fu_182_p2                 |      icmp|   0|  0|  10|           6|           1|
    |r_162_fu_214_p2                 |      icmp|   0|  0|  10|           6|           1|
    |r_163_fu_246_p2                 |      icmp|   0|  0|  10|           6|           1|
    |r_164_fu_278_p2                 |      icmp|   0|  0|  10|           6|           1|
    |r_165_fu_310_p2                 |      icmp|   0|  0|  10|           6|           1|
    |r_166_fu_342_p2                 |      icmp|   0|  0|  10|           6|           1|
    |r_167_fu_374_p2                 |      icmp|   0|  0|  10|           6|           1|
    |r_fu_118_p2                     |      icmp|   0|  0|  10|           6|           1|
    |ap_block_pp0_stage0_11001       |        or|   0|  0|   2|           1|           1|
    |or_ln374_160_fu_530_p2          |        or|   0|  0|   2|           1|           1|
    |or_ln374_161_fu_623_p2          |        or|   0|  0|   2|           1|           1|
    |or_ln374_162_fu_716_p2          |        or|   0|  0|   2|           1|           1|
    |or_ln374_163_fu_809_p2          |        or|   0|  0|   2|           1|           1|
    |or_ln374_164_fu_902_p2          |        or|   0|  0|   2|           1|           1|
    |or_ln374_165_fu_995_p2          |        or|   0|  0|   2|           1|           1|
    |or_ln374_166_fu_1088_p2         |        or|   0|  0|   2|           1|           1|
    |or_ln374_167_fu_1181_p2         |        or|   0|  0|   2|           1|           1|
    |or_ln374_fu_437_p2              |        or|   0|  0|   2|           1|           1|
    |deleted_zeros_160_fu_565_p3     |    select|   0|  0|   2|           1|           1|
    |deleted_zeros_161_fu_658_p3     |    select|   0|  0|   2|           1|           1|
    |deleted_zeros_162_fu_751_p3     |    select|   0|  0|   2|           1|           1|
    |deleted_zeros_163_fu_844_p3     |    select|   0|  0|   2|           1|           1|
    |deleted_zeros_164_fu_937_p3     |    select|   0|  0|   2|           1|           1|
    |deleted_zeros_165_fu_1030_p3    |    select|   0|  0|   2|           1|           1|
    |deleted_zeros_166_fu_1123_p3    |    select|   0|  0|   2|           1|           1|
    |deleted_zeros_167_fu_1216_p3    |    select|   0|  0|   2|           1|           1|
    |deleted_zeros_fu_472_p3         |    select|   0|  0|   2|           1|           1|
    |select_ln1649_160_fu_580_p3     |    select|   0|  0|   9|           1|           9|
    |select_ln1649_161_fu_673_p3     |    select|   0|  0|   9|           1|           9|
    |select_ln1649_162_fu_766_p3     |    select|   0|  0|   9|           1|           9|
    |select_ln1649_163_fu_859_p3     |    select|   0|  0|   9|           1|           9|
    |select_ln1649_164_fu_952_p3     |    select|   0|  0|   9|           1|           9|
    |select_ln1649_165_fu_1045_p3    |    select|   0|  0|   9|           1|           9|
    |select_ln1649_166_fu_1138_p3    |    select|   0|  0|   9|           1|           9|
    |select_ln1649_167_fu_1231_p3    |    select|   0|  0|   9|           1|           9|
    |select_ln1649_fu_487_p3         |    select|   0|  0|   9|           1|           9|
    |select_ln302_160_fu_572_p3      |    select|   0|  0|   9|           1|           9|
    |select_ln302_161_fu_665_p3      |    select|   0|  0|   9|           1|           9|
    |select_ln302_162_fu_758_p3      |    select|   0|  0|   9|           1|           9|
    |select_ln302_163_fu_851_p3      |    select|   0|  0|   9|           1|           9|
    |select_ln302_164_fu_944_p3      |    select|   0|  0|   9|           1|           9|
    |select_ln302_165_fu_1037_p3     |    select|   0|  0|   9|           1|           9|
    |select_ln302_166_fu_1130_p3     |    select|   0|  0|   9|           1|           9|
    |select_ln302_167_fu_1223_p3     |    select|   0|  0|   9|           1|           9|
    |select_ln302_fu_479_p3          |    select|   0|  0|   9|           1|           9|
    |select_ln888_160_fu_559_p3      |    select|   0|  0|   2|           1|           1|
    |select_ln888_161_fu_652_p3      |    select|   0|  0|   2|           1|           1|
    |select_ln888_162_fu_745_p3      |    select|   0|  0|   2|           1|           1|
    |select_ln888_163_fu_838_p3      |    select|   0|  0|   2|           1|           1|
    |select_ln888_164_fu_931_p3      |    select|   0|  0|   2|           1|           1|
    |select_ln888_165_fu_1024_p3     |    select|   0|  0|   2|           1|           1|
    |select_ln888_166_fu_1117_p3     |    select|   0|  0|   2|           1|           1|
    |select_ln888_167_fu_1210_p3     |    select|   0|  0|   2|           1|           1|
    |select_ln888_fu_466_p3          |    select|   0|  0|   2|           1|           1|
    |ap_enable_pp0                   |       xor|   0|  0|   2|           1|           2|
    +--------------------------------+----------+----+---+----+------------+------------+
    |Total                           |          |   0|  0| 787|         497|         327|
    +--------------------------------+----------+----+---+----+------------+------------+

    * Multiplexer: 
    +-------------+----+-----------+-----+-----------+
    |     Name    | LUT| Input Size| Bits| Total Bits|
    +-------------+----+-----------+-----+-----------+
    |ap_done      |   9|          2|    1|          2|
    |ap_return_0  |   9|          2|    9|         18|
    |ap_return_1  |   9|          2|    9|         18|
    |ap_return_2  |   9|          2|    9|         18|
    |ap_return_3  |   9|          2|    9|         18|
    |ap_return_4  |   9|          2|    9|         18|
    |ap_return_5  |   9|          2|    9|         18|
    |ap_return_6  |   9|          2|    9|         18|
    |ap_return_7  |   9|          2|    9|         18|
    |ap_return_8  |   9|          2|    9|         18|
    +-------------+----+-----------+-----+-----------+
    |Total        |  90|         20|   82|        164|
    +-------------+----+-----------+-----+-----------+

    * Register: 
    +-------------------------------+----+----+-----+-----------+
    |              Name             | FF | LUT| Bits| Const Bits|
    +-------------------------------+----+----+-----+-----------+
    |Range1_all_ones_160_reg_1395   |   1|   0|    1|          0|
    |Range1_all_ones_161_reg_1411   |   1|   0|    1|          0|
    |Range1_all_ones_162_reg_1427   |   1|   0|    1|          0|
    |Range1_all_ones_163_reg_1443   |   1|   0|    1|          0|
    |Range1_all_ones_164_reg_1459   |   1|   0|    1|          0|
    |Range1_all_ones_165_reg_1475   |   1|   0|    1|          0|
    |Range1_all_ones_166_reg_1491   |   1|   0|    1|          0|
    |Range1_all_ones_167_reg_1507   |   1|   0|    1|          0|
    |Range1_all_ones_reg_1379       |   1|   0|    1|          0|
    |Range1_all_zeros_160_reg_1400  |   1|   0|    1|          0|
    |Range1_all_zeros_161_reg_1416  |   1|   0|    1|          0|
    |Range1_all_zeros_162_reg_1432  |   1|   0|    1|          0|
    |Range1_all_zeros_163_reg_1448  |   1|   0|    1|          0|
    |Range1_all_zeros_164_reg_1464  |   1|   0|    1|          0|
    |Range1_all_zeros_165_reg_1480  |   1|   0|    1|          0|
    |Range1_all_zeros_166_reg_1496  |   1|   0|    1|          0|
    |Range1_all_zeros_167_reg_1512  |   1|   0|    1|          0|
    |Range1_all_zeros_reg_1384      |   1|   0|    1|          0|
    |ap_CS_fsm                      |   1|   0|    1|          0|
    |ap_done_reg                    |   1|   0|    1|          0|
    |ap_enable_reg_pp0_iter1        |   1|   0|    1|          0|
    |ap_return_0_preg               |   9|   0|    9|          0|
    |ap_return_1_preg               |   9|   0|    9|          0|
    |ap_return_2_preg               |   9|   0|    9|          0|
    |ap_return_3_preg               |   9|   0|    9|          0|
    |ap_return_4_preg               |   9|   0|    9|          0|
    |ap_return_5_preg               |   9|   0|    9|          0|
    |ap_return_6_preg               |   9|   0|    9|          0|
    |ap_return_7_preg               |   9|   0|    9|          0|
    |ap_return_8_preg               |   9|   0|    9|          0|
    |p_read110_reg_1356             |  22|   0|   22|          0|
    |p_read211_reg_1347             |  22|   0|   22|          0|
    |p_read312_reg_1338             |  22|   0|   22|          0|
    |p_read413_reg_1329             |  22|   0|   22|          0|
    |p_read514_reg_1320             |  22|   0|   22|          0|
    |p_read615_reg_1311             |  22|   0|   22|          0|
    |p_read716_reg_1302             |  22|   0|   22|          0|
    |p_read817_reg_1293             |  22|   0|   22|          0|
    |p_read_164_reg_1365            |  22|   0|   22|          0|
    |r_160_reg_1390                 |   1|   0|    1|          0|
    |r_161_reg_1406                 |   1|   0|    1|          0|
    |r_162_reg_1422                 |   1|   0|    1|          0|
    |r_163_reg_1438                 |   1|   0|    1|          0|
    |r_164_reg_1454                 |   1|   0|    1|          0|
    |r_165_reg_1470                 |   1|   0|    1|          0|
    |r_166_reg_1486                 |   1|   0|    1|          0|
    |r_167_reg_1502                 |   1|   0|    1|          0|
    |r_reg_1374                     |   1|   0|    1|          0|
    +-------------------------------+----+----+-----+-----------+
    |Total                          | 309|   0|  309|          0|
    +-------------------------------+----+----+-----+-----------+



================================================================
== Interface
================================================================
* Summary: 
+-------------+-----+-----+------------+--------------------------------------------------------------------------+--------------+
|  RTL Ports  | Dir | Bits|  Protocol  |                               Source Object                              |    C Type    |
+-------------+-----+-----+------------+--------------------------------------------------------------------------+--------------+
|ap_clk       |   in|    1|  ap_ctrl_hs|  relu<ap_fixed<30, 14, 5, 3, 0>, ap_ufixed<9, 0, 4, 0, 0>, relu_config21>|  return value|
|ap_rst       |   in|    1|  ap_ctrl_hs|  relu<ap_fixed<30, 14, 5, 3, 0>, ap_ufixed<9, 0, 4, 0, 0>, relu_config21>|  return value|
|ap_start     |   in|    1|  ap_ctrl_hs|  relu<ap_fixed<30, 14, 5, 3, 0>, ap_ufixed<9, 0, 4, 0, 0>, relu_config21>|  return value|
|ap_done      |  out|    1|  ap_ctrl_hs|  relu<ap_fixed<30, 14, 5, 3, 0>, ap_ufixed<9, 0, 4, 0, 0>, relu_config21>|  return value|
|ap_continue  |   in|    1|  ap_ctrl_hs|  relu<ap_fixed<30, 14, 5, 3, 0>, ap_ufixed<9, 0, 4, 0, 0>, relu_config21>|  return value|
|ap_idle      |  out|    1|  ap_ctrl_hs|  relu<ap_fixed<30, 14, 5, 3, 0>, ap_ufixed<9, 0, 4, 0, 0>, relu_config21>|  return value|
|ap_ready     |  out|    1|  ap_ctrl_hs|  relu<ap_fixed<30, 14, 5, 3, 0>, ap_ufixed<9, 0, 4, 0, 0>, relu_config21>|  return value|
|ap_return_0  |  out|    9|  ap_ctrl_hs|  relu<ap_fixed<30, 14, 5, 3, 0>, ap_ufixed<9, 0, 4, 0, 0>, relu_config21>|  return value|
|ap_return_1  |  out|    9|  ap_ctrl_hs|  relu<ap_fixed<30, 14, 5, 3, 0>, ap_ufixed<9, 0, 4, 0, 0>, relu_config21>|  return value|
|ap_return_2  |  out|    9|  ap_ctrl_hs|  relu<ap_fixed<30, 14, 5, 3, 0>, ap_ufixed<9, 0, 4, 0, 0>, relu_config21>|  return value|
|ap_return_3  |  out|    9|  ap_ctrl_hs|  relu<ap_fixed<30, 14, 5, 3, 0>, ap_ufixed<9, 0, 4, 0, 0>, relu_config21>|  return value|
|ap_return_4  |  out|    9|  ap_ctrl_hs|  relu<ap_fixed<30, 14, 5, 3, 0>, ap_ufixed<9, 0, 4, 0, 0>, relu_config21>|  return value|
|ap_return_5  |  out|    9|  ap_ctrl_hs|  relu<ap_fixed<30, 14, 5, 3, 0>, ap_ufixed<9, 0, 4, 0, 0>, relu_config21>|  return value|
|ap_return_6  |  out|    9|  ap_ctrl_hs|  relu<ap_fixed<30, 14, 5, 3, 0>, ap_ufixed<9, 0, 4, 0, 0>, relu_config21>|  return value|
|ap_return_7  |  out|    9|  ap_ctrl_hs|  relu<ap_fixed<30, 14, 5, 3, 0>, ap_ufixed<9, 0, 4, 0, 0>, relu_config21>|  return value|
|ap_return_8  |  out|    9|  ap_ctrl_hs|  relu<ap_fixed<30, 14, 5, 3, 0>, ap_ufixed<9, 0, 4, 0, 0>, relu_config21>|  return value|
|p_read       |   in|   22|     ap_none|                                                                    p_read|        scalar|
|p_read1      |   in|   22|     ap_none|                                                                   p_read1|        scalar|
|p_read2      |   in|   22|     ap_none|                                                                   p_read2|        scalar|
|p_read3      |   in|   22|     ap_none|                                                                   p_read3|        scalar|
|p_read4      |   in|   22|     ap_none|                                                                   p_read4|        scalar|
|p_read5      |   in|   22|     ap_none|                                                                   p_read5|        scalar|
|p_read6      |   in|   22|     ap_none|                                                                   p_read6|        scalar|
|p_read7      |   in|   22|     ap_none|                                                                   p_read7|        scalar|
|p_read8      |   in|   22|     ap_none|                                                                   p_read8|        scalar|
+-------------+-----+-----+------------+--------------------------------------------------------------------------+--------------+

