

================================================================
== Vitis HLS Report for 'relu_ap_fixed_24_9_5_3_0_ap_ufixed_9_0_4_0_0_relu_config16_s'
================================================================
* Date:           Fri Mar 21 14:34:21 2025

* Version:        2022.2 (Build 3670227 on Oct 13 2022)
* Project:        JetTaggerNN_prj
* Solution:       solution1 (Vivado IP Flow Target)
* Product family: virtexuplus
* Target device:  xcvu9p-flga2104-2L-e


================================================================
== Performance Estimates
================================================================
+ Timing: 
    * Summary: 
    +--------+---------+----------+------------+
    |  Clock |  Target | Estimated| Uncertainty|
    +--------+---------+----------+------------+
    |ap_clk  |  2.80 ns|  1.659 ns|     0.76 ns|
    +--------+---------+----------+------------+

+ Latency: 
    * Summary: 
    +---------+---------+----------+----------+-----+-----+---------+
    |  Latency (cycles) |  Latency (absolute) |  Interval | Pipeline|
    |   min   |   max   |    min   |    max   | min | max |   Type  |
    +---------+---------+----------+----------+-----+-----+---------+
    |        1|        1|  2.800 ns|  2.800 ns|    1|    1|      yes|
    +---------+---------+----------+----------+-----+-----+---------+

    + Detail: 
        * Instance: 
        N/A

        * Loop: 
        N/A



================================================================
== Utilization Estimates
================================================================
* Summary: 
+---------------------+---------+------+---------+---------+-----+
|         Name        | BRAM_18K|  DSP |    FF   |   LUT   | URAM|
+---------------------+---------+------+---------+---------+-----+
|DSP                  |        -|     -|        -|        -|    -|
|Expression           |        -|     -|        0|     1380|    -|
|FIFO                 |        -|     -|        -|        -|    -|
|Instance             |        -|     -|        -|        -|    -|
|Memory               |        -|     -|        -|        -|    -|
|Multiplexer          |        -|     -|        -|      153|    -|
|Register             |        -|     -|      531|        -|    -|
+---------------------+---------+------+---------+---------+-----+
|Total                |        0|     0|      531|     1533|    0|
+---------------------+---------+------+---------+---------+-----+
|Available SLR        |     1440|  2280|   788160|   394080|  320|
+---------------------+---------+------+---------+---------+-----+
|Utilization SLR (%)  |        0|     0|       ~0|       ~0|    0|
+---------------------+---------+------+---------+---------+-----+
|Available            |     4320|  6840|  2364480|  1182240|  960|
+---------------------+---------+------+---------+---------+-----+
|Utilization (%)      |        0|     0|       ~0|       ~0|    0|
+---------------------+---------+------+---------+---------+-----+

+ Detail: 
    * Instance: 
    N/A

    * DSP: 
    N/A

    * Memory: 
    N/A

    * FIFO: 
    N/A

    * Expression: 
    +--------------------------------+----------+----+---+----+------------+------------+
    |          Variable Name         | Operation| DSP| FF| LUT| Bitwidth P0| Bitwidth P1|
    +--------------------------------+----------+----+---+----+------------+------------+
    |p_Val2_409_fu_734_p2            |         +|   0|  0|  16|           9|           9|
    |p_Val2_411_fu_827_p2            |         +|   0|  0|  16|           9|           9|
    |p_Val2_413_fu_920_p2            |         +|   0|  0|  16|           9|           9|
    |p_Val2_415_fu_1013_p2           |         +|   0|  0|  16|           9|           9|
    |p_Val2_417_fu_1106_p2           |         +|   0|  0|  16|           9|           9|
    |p_Val2_419_fu_1199_p2           |         +|   0|  0|  16|           9|           9|
    |p_Val2_421_fu_1292_p2           |         +|   0|  0|  16|           9|           9|
    |p_Val2_423_fu_1385_p2           |         +|   0|  0|  16|           9|           9|
    |p_Val2_425_fu_1478_p2           |         +|   0|  0|  16|           9|           9|
    |p_Val2_427_fu_1571_p2           |         +|   0|  0|  16|           9|           9|
    |p_Val2_429_fu_1664_p2           |         +|   0|  0|  16|           9|           9|
    |p_Val2_431_fu_1757_p2           |         +|   0|  0|  16|           9|           9|
    |p_Val2_433_fu_1850_p2           |         +|   0|  0|  16|           9|           9|
    |p_Val2_435_fu_1943_p2           |         +|   0|  0|  16|           9|           9|
    |p_Val2_437_fu_2036_p2           |         +|   0|  0|  16|           9|           9|
    |p_Val2_439_fu_2129_p2           |         +|   0|  0|  16|           9|           9|
    |and_ln374_199_fu_817_p2         |       and|   0|  0|   2|           1|           1|
    |and_ln374_200_fu_910_p2         |       and|   0|  0|   2|           1|           1|
    |and_ln374_201_fu_1003_p2        |       and|   0|  0|   2|           1|           1|
    |and_ln374_202_fu_1096_p2        |       and|   0|  0|   2|           1|           1|
    |and_ln374_203_fu_1189_p2        |       and|   0|  0|   2|           1|           1|
    |and_ln374_204_fu_1282_p2        |       and|   0|  0|   2|           1|           1|
    |and_ln374_205_fu_1375_p2        |       and|   0|  0|   2|           1|           1|
    |and_ln374_206_fu_1468_p2        |       and|   0|  0|   2|           1|           1|
    |and_ln374_207_fu_1561_p2        |       and|   0|  0|   2|           1|           1|
    |and_ln374_208_fu_1654_p2        |       and|   0|  0|   2|           1|           1|
    |and_ln374_209_fu_1747_p2        |       and|   0|  0|   2|           1|           1|
    |and_ln374_210_fu_1840_p2        |       and|   0|  0|   2|           1|           1|
    |and_ln374_211_fu_1933_p2        |       and|   0|  0|   2|           1|           1|
    |and_ln374_212_fu_2026_p2        |       and|   0|  0|   2|           1|           1|
    |and_ln374_213_fu_2119_p2        |       and|   0|  0|   2|           1|           1|
    |and_ln374_fu_724_p2             |       and|   0|  0|   2|           1|           1|
    |Range1_all_ones_199_fu_224_p2   |      icmp|   0|  0|  10|           6|           2|
    |Range1_all_ones_200_fu_256_p2   |      icmp|   0|  0|  10|           6|           2|
    |Range1_all_ones_201_fu_288_p2   |      icmp|   0|  0|  10|           6|           2|
    |Range1_all_ones_202_fu_320_p2   |      icmp|   0|  0|  10|           6|           2|
    |Range1_all_ones_203_fu_352_p2   |      icmp|   0|  0|  10|           6|           2|
    |Range1_all_ones_204_fu_384_p2   |      icmp|   0|  0|  10|           6|           2|
    |Range1_all_ones_205_fu_416_p2   |      icmp|   0|  0|  10|           6|           2|
    |Range1_all_ones_206_fu_448_p2   |      icmp|   0|  0|  10|           6|           2|
    |Range1_all_ones_207_fu_480_p2   |      icmp|   0|  0|  10|           6|           2|
    |Range1_all_ones_208_fu_512_p2   |      icmp|   0|  0|  10|           6|           2|
    |Range1_all_ones_209_fu_544_p2   |      icmp|   0|  0|  10|           6|           2|
    |Range1_all_ones_210_fu_576_p2   |      icmp|   0|  0|  10|           6|           2|
    |Range1_all_ones_211_fu_608_p2   |      icmp|   0|  0|  10|           6|           2|
    |Range1_all_ones_212_fu_640_p2   |      icmp|   0|  0|  10|           6|           2|
    |Range1_all_ones_213_fu_672_p2   |      icmp|   0|  0|  10|           6|           2|
    |Range1_all_ones_fu_192_p2       |      icmp|   0|  0|  10|           6|           2|
    |Range1_all_zeros_199_fu_230_p2  |      icmp|   0|  0|  10|           6|           1|
    |Range1_all_zeros_200_fu_262_p2  |      icmp|   0|  0|  10|           6|           1|
    |Range1_all_zeros_201_fu_294_p2  |      icmp|   0|  0|  10|           6|           1|
    |Range1_all_zeros_202_fu_326_p2  |      icmp|   0|  0|  10|           6|           1|
    |Range1_all_zeros_203_fu_358_p2  |      icmp|   0|  0|  10|           6|           1|
    |Range1_all_zeros_204_fu_390_p2  |      icmp|   0|  0|  10|           6|           1|
    |Range1_all_zeros_205_fu_422_p2  |      icmp|   0|  0|  10|           6|           1|
    |Range1_all_zeros_206_fu_454_p2  |      icmp|   0|  0|  10|           6|           1|
    |Range1_all_zeros_207_fu_486_p2  |      icmp|   0|  0|  10|           6|           1|
    |Range1_all_zeros_208_fu_518_p2  |      icmp|   0|  0|  10|           6|           1|
    |Range1_all_zeros_209_fu_550_p2  |      icmp|   0|  0|  10|           6|           1|
    |Range1_all_zeros_210_fu_582_p2  |      icmp|   0|  0|  10|           6|           1|
    |Range1_all_zeros_211_fu_614_p2  |      icmp|   0|  0|  10|           6|           1|
    |Range1_all_zeros_212_fu_646_p2  |      icmp|   0|  0|  10|           6|           1|
    |Range1_all_zeros_213_fu_678_p2  |      icmp|   0|  0|  10|           6|           1|
    |Range1_all_zeros_fu_198_p2      |      icmp|   0|  0|  10|           6|           1|
    |icmp_ln1649_199_fu_777_p2       |      icmp|   0|  0|  15|          21|           1|
    |icmp_ln1649_200_fu_870_p2       |      icmp|   0|  0|  15|          21|           1|
    |icmp_ln1649_201_fu_963_p2       |      icmp|   0|  0|  15|          21|           1|
    |icmp_ln1649_202_fu_1056_p2      |      icmp|   0|  0|  15|          21|           1|
    |icmp_ln1649_203_fu_1149_p2      |      icmp|   0|  0|  15|          21|           1|
    |icmp_ln1649_204_fu_1242_p2      |      icmp|   0|  0|  15|          21|           1|
    |icmp_ln1649_205_fu_1335_p2      |      icmp|   0|  0|  15|          21|           1|
    |icmp_ln1649_206_fu_1428_p2      |      icmp|   0|  0|  15|          21|           1|
    |icmp_ln1649_207_fu_1521_p2      |      icmp|   0|  0|  15|          21|           1|
    |icmp_ln1649_208_fu_1614_p2      |      icmp|   0|  0|  15|          21|           1|
    |icmp_ln1649_209_fu_1707_p2      |      icmp|   0|  0|  15|          21|           1|
    |icmp_ln1649_210_fu_1800_p2      |      icmp|   0|  0|  15|          21|           1|
    |icmp_ln1649_211_fu_1893_p2      |      icmp|   0|  0|  15|          21|           1|
    |icmp_ln1649_212_fu_1986_p2      |      icmp|   0|  0|  15|          21|           1|
    |icmp_ln1649_213_fu_2079_p2      |      icmp|   0|  0|  15|          21|           1|
    |icmp_ln1649_fu_684_p2           |      icmp|   0|  0|  15|          21|           1|
    |r_199_fu_208_p2                 |      icmp|   0|  0|   9|           5|           1|
    |r_200_fu_240_p2                 |      icmp|   0|  0|   9|           5|           1|
    |r_201_fu_272_p2                 |      icmp|   0|  0|   9|           5|           1|
    |r_202_fu_304_p2                 |      icmp|   0|  0|   9|           5|           1|
    |r_203_fu_336_p2                 |      icmp|   0|  0|   9|           5|           1|
    |r_204_fu_368_p2                 |      icmp|   0|  0|   9|           5|           1|
    |r_205_fu_400_p2                 |      icmp|   0|  0|   9|           5|           1|
    |r_206_fu_432_p2                 |      icmp|   0|  0|   9|           5|           1|
    |r_207_fu_464_p2                 |      icmp|   0|  0|   9|           5|           1|
    |r_208_fu_496_p2                 |      icmp|   0|  0|   9|           5|           1|
    |r_209_fu_528_p2                 |      icmp|   0|  0|   9|           5|           1|
    |r_210_fu_560_p2                 |      icmp|   0|  0|   9|           5|           1|
    |r_211_fu_592_p2                 |      icmp|   0|  0|   9|           5|           1|
    |r_212_fu_624_p2                 |      icmp|   0|  0|   9|           5|           1|
    |r_213_fu_656_p2                 |      icmp|   0|  0|   9|           5|           1|
    |r_fu_176_p2                     |      icmp|   0|  0|   9|           5|           1|
    |ap_block_pp0_stage0_11001       |        or|   0|  0|   2|           1|           1|
    |or_ln374_199_fu_812_p2          |        or|   0|  0|   2|           1|           1|
    |or_ln374_200_fu_905_p2          |        or|   0|  0|   2|           1|           1|
    |or_ln374_201_fu_998_p2          |        or|   0|  0|   2|           1|           1|
    |or_ln374_202_fu_1091_p2         |        or|   0|  0|   2|           1|           1|
    |or_ln374_203_fu_1184_p2         |        or|   0|  0|   2|           1|           1|
    |or_ln374_204_fu_1277_p2         |        or|   0|  0|   2|           1|           1|
    |or_ln374_205_fu_1370_p2         |        or|   0|  0|   2|           1|           1|
    |or_ln374_206_fu_1463_p2         |        or|   0|  0|   2|           1|           1|
    |or_ln374_207_fu_1556_p2         |        or|   0|  0|   2|           1|           1|
    |or_ln374_208_fu_1649_p2         |        or|   0|  0|   2|           1|           1|
    |or_ln374_209_fu_1742_p2         |        or|   0|  0|   2|           1|           1|
    |or_ln374_210_fu_1835_p2         |        or|   0|  0|   2|           1|           1|
    |or_ln374_211_fu_1928_p2         |        or|   0|  0|   2|           1|           1|
    |or_ln374_212_fu_2021_p2         |        or|   0|  0|   2|           1|           1|
    |or_ln374_213_fu_2114_p2         |        or|   0|  0|   2|           1|           1|
    |or_ln374_fu_719_p2              |        or|   0|  0|   2|           1|           1|
    |deleted_zeros_199_fu_847_p3     |    select|   0|  0|   2|           1|           1|
    |deleted_zeros_200_fu_940_p3     |    select|   0|  0|   2|           1|           1|
    |deleted_zeros_201_fu_1033_p3    |    select|   0|  0|   2|           1|           1|
    |deleted_zeros_202_fu_1126_p3    |    select|   0|  0|   2|           1|           1|
    |deleted_zeros_203_fu_1219_p3    |    select|   0|  0|   2|           1|           1|
    |deleted_zeros_204_fu_1312_p3    |    select|   0|  0|   2|           1|           1|
    |deleted_zeros_205_fu_1405_p3    |    select|   0|  0|   2|           1|           1|
    |deleted_zeros_206_fu_1498_p3    |    select|   0|  0|   2|           1|           1|
    |deleted_zeros_207_fu_1591_p3    |    select|   0|  0|   2|           1|           1|
    |deleted_zeros_208_fu_1684_p3    |    select|   0|  0|   2|           1|           1|
    |deleted_zeros_209_fu_1777_p3    |    select|   0|  0|   2|           1|           1|
    |deleted_zeros_210_fu_1870_p3    |    select|   0|  0|   2|           1|           1|
    |deleted_zeros_211_fu_1963_p3    |    select|   0|  0|   2|           1|           1|
    |deleted_zeros_212_fu_2056_p3    |    select|   0|  0|   2|           1|           1|
    |deleted_zeros_213_fu_2149_p3    |    select|   0|  0|   2|           1|           1|
    |deleted_zeros_fu_754_p3         |    select|   0|  0|   2|           1|           1|
    |select_ln1649_199_fu_862_p3     |    select|   0|  0|   9|           1|           9|
    |select_ln1649_200_fu_955_p3     |    select|   0|  0|   9|           1|           9|
    |select_ln1649_201_fu_1048_p3    |    select|   0|  0|   9|           1|           9|
    |select_ln1649_202_fu_1141_p3    |    select|   0|  0|   9|           1|           9|
    |select_ln1649_203_fu_1234_p3    |    select|   0|  0|   9|           1|           9|
    |select_ln1649_204_fu_1327_p3    |    select|   0|  0|   9|           1|           9|
    |select_ln1649_205_fu_1420_p3    |    select|   0|  0|   9|           1|           9|
    |select_ln1649_206_fu_1513_p3    |    select|   0|  0|   9|           1|           9|
    |select_ln1649_207_fu_1606_p3    |    select|   0|  0|   9|           1|           9|
    |select_ln1649_208_fu_1699_p3    |    select|   0|  0|   9|           1|           9|
    |select_ln1649_209_fu_1792_p3    |    select|   0|  0|   9|           1|           9|
    |select_ln1649_210_fu_1885_p3    |    select|   0|  0|   9|           1|           9|
    |select_ln1649_211_fu_1978_p3    |    select|   0|  0|   9|           1|           9|
    |select_ln1649_212_fu_2071_p3    |    select|   0|  0|   9|           1|           9|
    |select_ln1649_213_fu_2164_p3    |    select|   0|  0|   9|           1|           9|
    |select_ln1649_fu_769_p3         |    select|   0|  0|   9|           1|           9|
    |select_ln302_199_fu_854_p3      |    select|   0|  0|   9|           1|           9|
    |select_ln302_200_fu_947_p3      |    select|   0|  0|   9|           1|           9|
    |select_ln302_201_fu_1040_p3     |    select|   0|  0|   9|           1|           9|
    |select_ln302_202_fu_1133_p3     |    select|   0|  0|   9|           1|           9|
    |select_ln302_203_fu_1226_p3     |    select|   0|  0|   9|           1|           9|
    |select_ln302_204_fu_1319_p3     |    select|   0|  0|   9|           1|           9|
    |select_ln302_205_fu_1412_p3     |    select|   0|  0|   9|           1|           9|
    |select_ln302_206_fu_1505_p3     |    select|   0|  0|   9|           1|           9|
    |select_ln302_207_fu_1598_p3     |    select|   0|  0|   9|           1|           9|
    |select_ln302_208_fu_1691_p3     |    select|   0|  0|   9|           1|           9|
    |select_ln302_209_fu_1784_p3     |    select|   0|  0|   9|           1|           9|
    |select_ln302_210_fu_1877_p3     |    select|   0|  0|   9|           1|           9|
    |select_ln302_211_fu_1970_p3     |    select|   0|  0|   9|           1|           9|
    |select_ln302_212_fu_2063_p3     |    select|   0|  0|   9|           1|           9|
    |select_ln302_213_fu_2156_p3     |    select|   0|  0|   9|           1|           9|
    |select_ln302_fu_761_p3          |    select|   0|  0|   9|           1|           9|
    |select_ln888_199_fu_841_p3      |    select|   0|  0|   2|           1|           1|
    |select_ln888_200_fu_934_p3      |    select|   0|  0|   2|           1|           1|
    |select_ln888_201_fu_1027_p3     |    select|   0|  0|   2|           1|           1|
    |select_ln888_202_fu_1120_p3     |    select|   0|  0|   2|           1|           1|
    |select_ln888_203_fu_1213_p3     |    select|   0|  0|   2|           1|           1|
    |select_ln888_204_fu_1306_p3     |    select|   0|  0|   2|           1|           1|
    |select_ln888_205_fu_1399_p3     |    select|   0|  0|   2|           1|           1|
    |select_ln888_206_fu_1492_p3     |    select|   0|  0|   2|           1|           1|
    |select_ln888_207_fu_1585_p3     |    select|   0|  0|   2|           1|           1|
    |select_ln888_208_fu_1678_p3     |    select|   0|  0|   2|           1|           1|
    |select_ln888_209_fu_1771_p3     |    select|   0|  0|   2|           1|           1|
    |select_ln888_210_fu_1864_p3     |    select|   0|  0|   2|           1|           1|
    |select_ln888_211_fu_1957_p3     |    select|   0|  0|   2|           1|           1|
    |select_ln888_212_fu_2050_p3     |    select|   0|  0|   2|           1|           1|
    |select_ln888_213_fu_2143_p3     |    select|   0|  0|   2|           1|           1|
    |select_ln888_fu_748_p3          |    select|   0|  0|   2|           1|           1|
    |ap_enable_pp0                   |       xor|   0|  0|   2|           1|           2|
    +--------------------------------+----------+----+---+----+------------+------------+
    |Total                           |          |   0|  0|1380|         850|         579|
    +--------------------------------+----------+----+---+----+------------+------------+

    * Multiplexer: 
    +--------------+----+-----------+-----+-----------+
    |     Name     | LUT| Input Size| Bits| Total Bits|
    +--------------+----+-----------+-----+-----------+
    |ap_done       |   9|          2|    1|          2|
    |ap_return_0   |   9|          2|    9|         18|
    |ap_return_1   |   9|          2|    9|         18|
    |ap_return_10  |   9|          2|    9|         18|
    |ap_return_11  |   9|          2|    9|         18|
    |ap_return_12  |   9|          2|    9|         18|
    |ap_return_13  |   9|          2|    9|         18|
    |ap_return_14  |   9|          2|    9|         18|
    |ap_return_15  |   9|          2|    9|         18|
    |ap_return_2   |   9|          2|    9|         18|
    |ap_return_3   |   9|          2|    9|         18|
    |ap_return_4   |   9|          2|    9|         18|
    |ap_return_5   |   9|          2|    9|         18|
    |ap_return_6   |   9|          2|    9|         18|
    |ap_return_7   |   9|          2|    9|         18|
    |ap_return_8   |   9|          2|    9|         18|
    |ap_return_9   |   9|          2|    9|         18|
    +--------------+----+-----------+-----+-----------+
    |Total         | 153|         34|  145|        290|
    +--------------+----+-----------+-----+-----------+

    * Register: 
    +-------------------------------+----+----+-----+-----------+
    |              Name             | FF | LUT| Bits| Const Bits|
    +-------------------------------+----+----+-----+-----------+
    |Range1_all_ones_199_reg_2433   |   1|   0|    1|          0|
    |Range1_all_ones_200_reg_2449   |   1|   0|    1|          0|
    |Range1_all_ones_201_reg_2465   |   1|   0|    1|          0|
    |Range1_all_ones_202_reg_2481   |   1|   0|    1|          0|
    |Range1_all_ones_203_reg_2497   |   1|   0|    1|          0|
    |Range1_all_ones_204_reg_2513   |   1|   0|    1|          0|
    |Range1_all_ones_205_reg_2529   |   1|   0|    1|          0|
    |Range1_all_ones_206_reg_2545   |   1|   0|    1|          0|
    |Range1_all_ones_207_reg_2561   |   1|   0|    1|          0|
    |Range1_all_ones_208_reg_2577   |   1|   0|    1|          0|
    |Range1_all_ones_209_reg_2593   |   1|   0|    1|          0|
    |Range1_all_ones_210_reg_2609   |   1|   0|    1|          0|
    |Range1_all_ones_211_reg_2625   |   1|   0|    1|          0|
    |Range1_all_ones_212_reg_2641   |   1|   0|    1|          0|
    |Range1_all_ones_213_reg_2657   |   1|   0|    1|          0|
    |Range1_all_ones_reg_2417       |   1|   0|    1|          0|
    |Range1_all_zeros_199_reg_2438  |   1|   0|    1|          0|
    |Range1_all_zeros_200_reg_2454  |   1|   0|    1|          0|
    |Range1_all_zeros_201_reg_2470  |   1|   0|    1|          0|
    |Range1_all_zeros_202_reg_2486  |   1|   0|    1|          0|
    |Range1_all_zeros_203_reg_2502  |   1|   0|    1|          0|
    |Range1_all_zeros_204_reg_2518  |   1|   0|    1|          0|
    |Range1_all_zeros_205_reg_2534  |   1|   0|    1|          0|
    |Range1_all_zeros_206_reg_2550  |   1|   0|    1|          0|
    |Range1_all_zeros_207_reg_2566  |   1|   0|    1|          0|
    |Range1_all_zeros_208_reg_2582  |   1|   0|    1|          0|
    |Range1_all_zeros_209_reg_2598  |   1|   0|    1|          0|
    |Range1_all_zeros_210_reg_2614  |   1|   0|    1|          0|
    |Range1_all_zeros_211_reg_2630  |   1|   0|    1|          0|
    |Range1_all_zeros_212_reg_2646  |   1|   0|    1|          0|
    |Range1_all_zeros_213_reg_2662  |   1|   0|    1|          0|
    |Range1_all_zeros_reg_2422      |   1|   0|    1|          0|
    |ap_CS_fsm                      |   1|   0|    1|          0|
    |ap_done_reg                    |   1|   0|    1|          0|
    |ap_enable_reg_pp0_iter1        |   1|   0|    1|          0|
    |ap_return_0_preg               |   9|   0|    9|          0|
    |ap_return_10_preg              |   9|   0|    9|          0|
    |ap_return_11_preg              |   9|   0|    9|          0|
    |ap_return_12_preg              |   9|   0|    9|          0|
    |ap_return_13_preg              |   9|   0|    9|          0|
    |ap_return_14_preg              |   9|   0|    9|          0|
    |ap_return_15_preg              |   9|   0|    9|          0|
    |ap_return_1_preg               |   9|   0|    9|          0|
    |ap_return_2_preg               |   9|   0|    9|          0|
    |ap_return_3_preg               |   9|   0|    9|          0|
    |ap_return_4_preg               |   9|   0|    9|          0|
    |ap_return_5_preg               |   9|   0|    9|          0|
    |ap_return_6_preg               |   9|   0|    9|          0|
    |ap_return_7_preg               |   9|   0|    9|          0|
    |ap_return_8_preg               |   9|   0|    9|          0|
    |ap_return_9_preg               |   9|   0|    9|          0|
    |p_read1026_reg_2313            |  21|   0|   21|          0|
    |p_read1127_reg_2304            |  21|   0|   21|          0|
    |p_read117_reg_2394             |  21|   0|   21|          0|
    |p_read16_reg_2403              |  21|   0|   21|          0|
    |p_read218_reg_2385             |  21|   0|   21|          0|
    |p_read319_reg_2376             |  21|   0|   21|          0|
    |p_read420_reg_2367             |  21|   0|   21|          0|
    |p_read521_reg_2358             |  21|   0|   21|          0|
    |p_read622_reg_2349             |  21|   0|   21|          0|
    |p_read723_reg_2340             |  21|   0|   21|          0|
    |p_read824_reg_2331             |  21|   0|   21|          0|
    |p_read925_reg_2322             |  21|   0|   21|          0|
    |p_read_181_reg_2268            |  21|   0|   21|          0|
    |p_read_182_reg_2277            |  21|   0|   21|          0|
    |p_read_183_reg_2286            |  21|   0|   21|          0|
    |p_read_184_reg_2295            |  21|   0|   21|          0|
    |r_199_reg_2428                 |   1|   0|    1|          0|
    |r_200_reg_2444                 |   1|   0|    1|          0|
    |r_201_reg_2460                 |   1|   0|    1|          0|
    |r_202_reg_2476                 |   1|   0|    1|          0|
    |r_203_reg_2492                 |   1|   0|    1|          0|
    |r_204_reg_2508                 |   1|   0|    1|          0|
    |r_205_reg_2524                 |   1|   0|    1|          0|
    |r_206_reg_2540                 |   1|   0|    1|          0|
    |r_207_reg_2556                 |   1|   0|    1|          0|
    |r_208_reg_2572                 |   1|   0|    1|          0|
    |r_209_reg_2588                 |   1|   0|    1|          0|
    |r_210_reg_2604                 |   1|   0|    1|          0|
    |r_211_reg_2620                 |   1|   0|    1|          0|
    |r_212_reg_2636                 |   1|   0|    1|          0|
    |r_213_reg_2652                 |   1|   0|    1|          0|
    |r_reg_2412                     |   1|   0|    1|          0|
    +-------------------------------+----+----+-----+-----------+
    |Total                          | 531|   0|  531|          0|
    +-------------------------------+----+----+-----+-----------+



================================================================
== Interface
================================================================
* Summary: 
+--------------+-----+-----+------------+-------------------------------------------------------------------------+--------------+
|   RTL Ports  | Dir | Bits|  Protocol  |                              Source Object                              |    C Type    |
+--------------+-----+-----+------------+-------------------------------------------------------------------------+--------------+
|ap_clk        |   in|    1|  ap_ctrl_hs|  relu<ap_fixed<24, 9, 5, 3, 0>, ap_ufixed<9, 0, 4, 0, 0>, relu_config16>|  return value|
|ap_rst        |   in|    1|  ap_ctrl_hs|  relu<ap_fixed<24, 9, 5, 3, 0>, ap_ufixed<9, 0, 4, 0, 0>, relu_config16>|  return value|
|ap_start      |   in|    1|  ap_ctrl_hs|  relu<ap_fixed<24, 9, 5, 3, 0>, ap_ufixed<9, 0, 4, 0, 0>, relu_config16>|  return value|
|ap_done       |  out|    1|  ap_ctrl_hs|  relu<ap_fixed<24, 9, 5, 3, 0>, ap_ufixed<9, 0, 4, 0, 0>, relu_config16>|  return value|
|ap_continue   |   in|    1|  ap_ctrl_hs|  relu<ap_fixed<24, 9, 5, 3, 0>, ap_ufixed<9, 0, 4, 0, 0>, relu_config16>|  return value|
|ap_idle       |  out|    1|  ap_ctrl_hs|  relu<ap_fixed<24, 9, 5, 3, 0>, ap_ufixed<9, 0, 4, 0, 0>, relu_config16>|  return value|
|ap_ready      |  out|    1|  ap_ctrl_hs|  relu<ap_fixed<24, 9, 5, 3, 0>, ap_ufixed<9, 0, 4, 0, 0>, relu_config16>|  return value|
|ap_return_0   |  out|    9|  ap_ctrl_hs|  relu<ap_fixed<24, 9, 5, 3, 0>, ap_ufixed<9, 0, 4, 0, 0>, relu_config16>|  return value|
|ap_return_1   |  out|    9|  ap_ctrl_hs|  relu<ap_fixed<24, 9, 5, 3, 0>, ap_ufixed<9, 0, 4, 0, 0>, relu_config16>|  return value|
|ap_return_2   |  out|    9|  ap_ctrl_hs|  relu<ap_fixed<24, 9, 5, 3, 0>, ap_ufixed<9, 0, 4, 0, 0>, relu_config16>|  return value|
|ap_return_3   |  out|    9|  ap_ctrl_hs|  relu<ap_fixed<24, 9, 5, 3, 0>, ap_ufixed<9, 0, 4, 0, 0>, relu_config16>|  return value|
|ap_return_4   |  out|    9|  ap_ctrl_hs|  relu<ap_fixed<24, 9, 5, 3, 0>, ap_ufixed<9, 0, 4, 0, 0>, relu_config16>|  return value|
|ap_return_5   |  out|    9|  ap_ctrl_hs|  relu<ap_fixed<24, 9, 5, 3, 0>, ap_ufixed<9, 0, 4, 0, 0>, relu_config16>|  return value|
|ap_return_6   |  out|    9|  ap_ctrl_hs|  relu<ap_fixed<24, 9, 5, 3, 0>, ap_ufixed<9, 0, 4, 0, 0>, relu_config16>|  return value|
|ap_return_7   |  out|    9|  ap_ctrl_hs|  relu<ap_fixed<24, 9, 5, 3, 0>, ap_ufixed<9, 0, 4, 0, 0>, relu_config16>|  return value|
|ap_return_8   |  out|    9|  ap_ctrl_hs|  relu<ap_fixed<24, 9, 5, 3, 0>, ap_ufixed<9, 0, 4, 0, 0>, relu_config16>|  return value|
|ap_return_9   |  out|    9|  ap_ctrl_hs|  relu<ap_fixed<24, 9, 5, 3, 0>, ap_ufixed<9, 0, 4, 0, 0>, relu_config16>|  return value|
|ap_return_10  |  out|    9|  ap_ctrl_hs|  relu<ap_fixed<24, 9, 5, 3, 0>, ap_ufixed<9, 0, 4, 0, 0>, relu_config16>|  return value|
|ap_return_11  |  out|    9|  ap_ctrl_hs|  relu<ap_fixed<24, 9, 5, 3, 0>, ap_ufixed<9, 0, 4, 0, 0>, relu_config16>|  return value|
|ap_return_12  |  out|    9|  ap_ctrl_hs|  relu<ap_fixed<24, 9, 5, 3, 0>, ap_ufixed<9, 0, 4, 0, 0>, relu_config16>|  return value|
|ap_return_13  |  out|    9|  ap_ctrl_hs|  relu<ap_fixed<24, 9, 5, 3, 0>, ap_ufixed<9, 0, 4, 0, 0>, relu_config16>|  return value|
|ap_return_14  |  out|    9|  ap_ctrl_hs|  relu<ap_fixed<24, 9, 5, 3, 0>, ap_ufixed<9, 0, 4, 0, 0>, relu_config16>|  return value|
|ap_return_15  |  out|    9|  ap_ctrl_hs|  relu<ap_fixed<24, 9, 5, 3, 0>, ap_ufixed<9, 0, 4, 0, 0>, relu_config16>|  return value|
|p_read        |   in|   21|     ap_none|                                                                   p_read|        scalar|
|p_read1       |   in|   21|     ap_none|                                                                  p_read1|        scalar|
|p_read2       |   in|   21|     ap_none|                                                                  p_read2|        scalar|
|p_read3       |   in|   21|     ap_none|                                                                  p_read3|        scalar|
|p_read4       |   in|   21|     ap_none|                                                                  p_read4|        scalar|
|p_read5       |   in|   21|     ap_none|                                                                  p_read5|        scalar|
|p_read6       |   in|   21|     ap_none|                                                                  p_read6|        scalar|
|p_read7       |   in|   21|     ap_none|                                                                  p_read7|        scalar|
|p_read8       |   in|   21|     ap_none|                                                                  p_read8|        scalar|
|p_read9       |   in|   21|     ap_none|                                                                  p_read9|        scalar|
|p_read10      |   in|   21|     ap_none|                                                                 p_read10|        scalar|
|p_read11      |   in|   21|     ap_none|                                                                 p_read11|        scalar|
|p_read12      |   in|   21|     ap_none|                                                                 p_read12|        scalar|
|p_read13      |   in|   21|     ap_none|                                                                 p_read13|        scalar|
|p_read14      |   in|   21|     ap_none|                                                                 p_read14|        scalar|
|p_read15      |   in|   21|     ap_none|                                                                 p_read15|        scalar|
+--------------+-----+-----+------------+-------------------------------------------------------------------------+--------------+

