

================================================================
== Vitis HLS Report for 'softmax_latency_ap_fixed_ap_fixed_16_6_5_3_0_softmax_config22_s'
================================================================
* Date:           Fri Mar 21 14:34:35 2025

* Version:        2022.2 (Build 3670227 on Oct 13 2022)
* Project:        JetTaggerNN_prj
* Solution:       solution1 (Vivado IP Flow Target)
* Product family: virtexuplus
* Target device:  xcvu9p-flga2104-2L-e


================================================================
== Performance Estimates
================================================================
+ Timing: 
    * Summary: 
    +--------+---------+----------+------------+
    |  Clock |  Target | Estimated| Uncertainty|
    +--------+---------+----------+------------+
    |ap_clk  |  2.80 ns|  2.533 ns|     0.76 ns|
    +--------+---------+----------+------------+

+ Latency: 
    * Summary: 
    +---------+---------+-----------+-----------+-----+-----+---------+
    |  Latency (cycles) |   Latency (absolute)  |  Interval | Pipeline|
    |   min   |   max   |    min    |    max    | min | max |   Type  |
    +---------+---------+-----------+-----------+-----+-----+---------+
    |        8|        8|  22.400 ns|  22.400 ns|    1|    1|      yes|
    +---------+---------+-----------+-----------+-----+-----+---------+

    + Detail: 
        * Instance: 
        N/A

        * Loop: 
        N/A



================================================================
== Utilization Estimates
================================================================
* Summary: 
+---------------------+---------+------+---------+---------+-----+
|         Name        | BRAM_18K|  DSP |    FF   |   LUT   | URAM|
+---------------------+---------+------+---------+---------+-----+
|DSP                  |        -|     8|        -|        -|    -|
|Expression           |        -|     -|        0|      570|    -|
|FIFO                 |        -|     -|        -|        -|    -|
|Instance             |        -|     -|        -|        -|    -|
|Memory               |       10|     -|        0|        0|    -|
|Multiplexer          |        -|     -|        -|       81|    -|
|Register             |        -|     -|     1126|      256|    -|
+---------------------+---------+------+---------+---------+-----+
|Total                |       10|     8|     1126|      907|    0|
+---------------------+---------+------+---------+---------+-----+
|Available SLR        |     1440|  2280|   788160|   394080|  320|
+---------------------+---------+------+---------+---------+-----+
|Utilization SLR (%)  |       ~0|    ~0|       ~0|       ~0|    0|
+---------------------+---------+------+---------+---------+-----+
|Available            |     4320|  6840|  2364480|  1182240|  960|
+---------------------+---------+------+---------+---------+-----+
|Utilization (%)      |       ~0|    ~0|       ~0|       ~0|    0|
+---------------------+---------+------+---------+---------+-----+

+ Detail: 
    * Instance: 
    N/A

    * DSP: 
    +-------------------------------+-------------------------+-----------+
    |            Instance           |          Module         | Expression|
    +-------------------------------+-------------------------+-----------+
    |mul_mul_18s_17ns_26_1_1_U3689  |mul_mul_18s_17ns_26_1_1  |    i0 * i1|
    |mul_mul_18s_17ns_26_1_1_U3690  |mul_mul_18s_17ns_26_1_1  |    i0 * i1|
    |mul_mul_18s_17ns_26_1_1_U3691  |mul_mul_18s_17ns_26_1_1  |    i0 * i1|
    |mul_mul_18s_17ns_26_1_1_U3692  |mul_mul_18s_17ns_26_1_1  |    i0 * i1|
    |mul_mul_18s_17ns_26_1_1_U3693  |mul_mul_18s_17ns_26_1_1  |    i0 * i1|
    |mul_mul_18s_17ns_26_1_1_U3694  |mul_mul_18s_17ns_26_1_1  |    i0 * i1|
    |mul_mul_18s_17ns_26_1_1_U3695  |mul_mul_18s_17ns_26_1_1  |    i0 * i1|
    |mul_mul_18s_17ns_26_1_1_U3696  |mul_mul_18s_17ns_26_1_1  |    i0 * i1|
    +-------------------------------+-------------------------+-----------+

    * Memory: 
    +----------------+----------------------------------------------------------------------------------+---------+---+----+-----+------+-----+------+-------------+
    |     Memory     |                                      Module                                      | BRAM_18K| FF| LUT| URAM| Words| Bits| Banks| W*Bits*Banks|
    +----------------+----------------------------------------------------------------------------------+---------+---+----+-----+------+-----+------+-------------+
    |exp_table_U     |softmax_latency_ap_fixed_ap_fixed_16_6_5_3_0_softmax_config22_s_exp_table_ROMbkb  |        8|  0|   0|    0|  1024|   17|     1|        17408|
    |invert_table_U  |softmax_latency_ap_fixed_ap_fixed_16_6_5_3_0_softmax_config22_s_invert_table_cud  |        2|  0|   0|    0|  1024|   18|     1|        18432|
    +----------------+----------------------------------------------------------------------------------+---------+---+----+-----+------+-----+------+-------------+
    |Total           |                                                                                  |       10|  0|   0|    0|  2048|   35|     2|        35840|
    +----------------+----------------------------------------------------------------------------------+---------+---+----+-----+------+-----+------+-------------+

    * FIFO: 
    N/A

    * Expression: 
    +---------------------------+----------+----+---+----+------------+------------+
    |       Variable Name       | Operation| DSP| FF| LUT| Bitwidth P0| Bitwidth P1|
    +---------------------------+----------+----+---+----+------------+------------+
    |p_Val2_1_fu_492_p2         |         +|   0|  0|  25|          18|          18|
    |p_Val2_3_fu_552_p2         |         +|   0|  0|  25|          18|          18|
    |p_Val2_4_fu_572_p2         |         +|   0|  0|  25|          18|          18|
    |p_Val2_5_fu_616_p2         |         +|   0|  0|  25|          18|          18|
    |p_Val2_7_fu_676_p2         |         +|   0|  0|  25|          18|          18|
    |p_Val2_9_fu_828_p2         |         +|   0|  0|  25|          18|          18|
    |p_Val2_s_fu_448_p2         |         +|   0|  0|  25|          18|          18|
    |ret_V_1_fu_662_p2          |         +|   0|  0|  26|          19|          19|
    |ret_V_2_fu_814_p2          |         +|   0|  0|  26|          19|          19|
    |ret_V_fu_538_p2            |         +|   0|  0|  26|          19|          19|
    |overflow_3_fu_695_p2       |       and|   0|  0|   2|           1|           1|
    |overflow_6_fu_753_p2       |       and|   0|  0|   2|           1|           1|
    |overflow_fu_848_p2         |       and|   0|  0|   2|           1|           1|
    |underflow_1_fu_763_p2      |       and|   0|  0|   2|           1|           1|
    |underflow_fu_705_p2        |       and|   0|  0|   2|           1|           1|
    |ap_block_pp0_stage0_01001  |        or|   0|  0|   2|           1|           1|
    |or_ln302_1_fu_778_p2       |        or|   0|  0|   2|           1|           1|
    |or_ln302_fu_720_p2         |        or|   0|  0|   2|           1|           1|
    |lhs_2_fu_478_p3            |    select|   0|  0|  18|           1|          18|
    |lhs_5_fu_602_p3            |    select|   0|  0|  18|           1|          18|
    |lhs_6_fu_740_p3            |    select|   0|  0|  18|           1|          18|
    |p_Result_18_fu_878_p3      |    select|   0|  0|  10|           1|          10|
    |rhs_2_fu_522_p3            |    select|   0|  0|  18|           1|          18|
    |rhs_5_fu_646_p3            |    select|   0|  0|  18|           1|          18|
    |rhs_6_fu_798_p3            |    select|   0|  0|  18|           1|          18|
    |select_ln302_5_fu_784_p3   |    select|   0|  0|  18|           1|          17|
    |select_ln302_fu_726_p3     |    select|   0|  0|  18|           1|          17|
    |select_ln346_1_fu_470_p3   |    select|   0|  0|  19|           1|          17|
    |select_ln346_2_fu_514_p3   |    select|   0|  0|  19|           1|          17|
    |select_ln346_3_fu_594_p3   |    select|   0|  0|  19|           1|          17|
    |select_ln346_4_fu_638_p3   |    select|   0|  0|  19|           1|          17|
    |select_ln346_fu_860_p3     |    select|   0|  0|  11|           1|           9|
    |select_ln350_1_fu_791_p3   |    select|   0|  0|  19|           1|          19|
    |select_ln350_fu_733_p3     |    select|   0|  0|  19|           1|          19|
    |ap_enable_pp0              |       xor|   0|  0|   2|           1|           2|
    |xor_ln302_1_fu_710_p2      |       xor|   0|  0|   2|           1|           1|
    |xor_ln302_2_fu_714_p2      |       xor|   0|  0|   2|           1|           2|
    |xor_ln302_3_fu_768_p2      |       xor|   0|  0|   2|           1|           1|
    |xor_ln302_4_fu_772_p2      |       xor|   0|  0|   2|           1|           2|
    |xor_ln302_fu_854_p2        |       xor|   0|  0|   2|           1|           1|
    |xor_ln895_1_fu_690_p2      |       xor|   0|  0|   2|           1|           2|
    |xor_ln895_2_fu_748_p2      |       xor|   0|  0|   2|           1|           2|
    |xor_ln895_fu_842_p2        |       xor|   0|  0|   2|           1|           2|
    |xor_ln896_1_fu_758_p2      |       xor|   0|  0|   2|           1|           2|
    |xor_ln896_fu_700_p2        |       xor|   0|  0|   2|           1|           2|
    +---------------------------+----------+----+---+----+------------+------------+
    |Total                      |          |   0|  0| 570|         218|         477|
    +---------------------------+----------+----+---+----+------------+------------+

    * Multiplexer: 
    +---------------+----+-----------+-----+-----------+
    |      Name     | LUT| Input Size| Bits| Total Bits|
    +---------------+----+-----------+-----+-----------+
    |ap_done        |   9|          2|    1|          2|
    |layer22_out_0  |   9|          2|   16|         32|
    |layer22_out_1  |   9|          2|   16|         32|
    |layer22_out_2  |   9|          2|   16|         32|
    |layer22_out_3  |   9|          2|   16|         32|
    |layer22_out_4  |   9|          2|   16|         32|
    |layer22_out_5  |   9|          2|   16|         32|
    |layer22_out_6  |   9|          2|   16|         32|
    |layer22_out_7  |   9|          2|   16|         32|
    +---------------+----+-----------+-----+-----------+
    |Total          |  81|         18|  129|        258|
    +---------------+----+-----------+-----+-----------+

    * Register: 
    +-------------------------+----+----+-----+-----------+
    |           Name          | FF | LUT| Bits| Const Bits|
    +-------------------------+----+----+-----+-----------+
    |ap_CS_fsm                |   1|   0|    1|          0|
    |ap_done_reg              |   1|   0|    1|          0|
    |ap_enable_reg_pp0_iter1  |   1|   0|    1|          0|
    |ap_enable_reg_pp0_iter2  |   1|   0|    1|          0|
    |ap_enable_reg_pp0_iter3  |   1|   0|    1|          0|
    |ap_enable_reg_pp0_iter4  |   1|   0|    1|          0|
    |ap_enable_reg_pp0_iter5  |   1|   0|    1|          0|
    |ap_enable_reg_pp0_iter6  |   1|   0|    1|          0|
    |ap_enable_reg_pp0_iter7  |   1|   0|    1|          0|
    |ap_enable_reg_pp0_iter8  |   1|   0|    1|          0|
    |exp_res_V_10_reg_1143    |  17|   0|   17|          0|
    |exp_res_V_11_reg_1149    |  17|   0|   17|          0|
    |exp_res_V_12_reg_1155    |  17|   0|   17|          0|
    |exp_res_V_13_reg_1161    |  17|   0|   17|          0|
    |exp_res_V_14_reg_1167    |  17|   0|   17|          0|
    |exp_res_V_8_reg_1131     |  17|   0|   17|          0|
    |exp_res_V_9_reg_1137     |  17|   0|   17|          0|
    |exp_res_V_reg_1125       |  17|   0|   17|          0|
    |inv_exp_sum_V_reg_1223   |  18|   0|   18|          0|
    |layer22_out_0_preg       |  16|   0|   16|          0|
    |layer22_out_1_preg       |  16|   0|   16|          0|
    |layer22_out_2_preg       |  16|   0|   16|          0|
    |layer22_out_3_preg       |  16|   0|   16|          0|
    |layer22_out_4_preg       |  16|   0|   16|          0|
    |layer22_out_5_preg       |  16|   0|   16|          0|
    |layer22_out_6_preg       |  16|   0|   16|          0|
    |layer22_out_7_preg       |  16|   0|   16|          0|
    |mul_ln1270_1_reg_1233    |  26|   0|   26|          0|
    |mul_ln1270_2_reg_1238    |  26|   0|   26|          0|
    |mul_ln1270_3_reg_1243    |  26|   0|   26|          0|
    |mul_ln1270_4_reg_1248    |  26|   0|   26|          0|
    |mul_ln1270_5_reg_1253    |  26|   0|   26|          0|
    |mul_ln1270_6_reg_1258    |  26|   0|   26|          0|
    |mul_ln1270_7_reg_1263    |  26|   0|   26|          0|
    |mul_ln1270_reg_1228      |  26|   0|   26|          0|
    |p_Result_18_reg_1213     |  10|   0|   10|          0|
    |p_Result_1_reg_1050      |   8|   0|    8|          0|
    |p_Result_21_reg_1173     |   1|   0|    1|          0|
    |p_Result_22_reg_1186     |   1|   0|    1|          0|
    |p_Result_25_reg_1193     |   1|   0|    1|          0|
    |p_Result_26_reg_1206     |   1|   0|    1|          0|
    |p_Result_2_reg_1055      |   8|   0|    8|          0|
    |p_Result_3_reg_1060      |   8|   0|    8|          0|
    |p_Result_4_reg_1065      |   8|   0|    8|          0|
    |p_Result_5_reg_1070      |   8|   0|    8|          0|
    |p_Result_6_reg_1075      |   8|   0|    8|          0|
    |p_Result_7_reg_1080      |   8|   0|    8|          0|
    |p_Result_s_reg_1045      |   8|   0|    8|          0|
    |p_Val2_3_reg_1180        |  18|   0|   18|          0|
    |p_Val2_7_reg_1200        |  18|   0|   18|          0|
    |exp_res_V_10_reg_1143    |  64|  32|   17|          0|
    |exp_res_V_11_reg_1149    |  64|  32|   17|          0|
    |exp_res_V_12_reg_1155    |  64|  32|   17|          0|
    |exp_res_V_13_reg_1161    |  64|  32|   17|          0|
    |exp_res_V_14_reg_1167    |  64|  32|   17|          0|
    |exp_res_V_8_reg_1131     |  64|  32|   17|          0|
    |exp_res_V_9_reg_1137     |  64|  32|   17|          0|
    |exp_res_V_reg_1125       |  64|  32|   17|          0|
    +-------------------------+----+----+-----+-----------+
    |Total                    |1126| 256|  750|          0|
    +-------------------------+----+----+-----+-----------+



================================================================
== Interface
================================================================
* Summary: 
+----------------------+-----+-----+------------+-----------------------------------------------------------------+--------------+
|       RTL Ports      | Dir | Bits|  Protocol  |                          Source Object                          |    C Type    |
+----------------------+-----+-----+------------+-----------------------------------------------------------------+--------------+
|ap_clk                |   in|    1|  ap_ctrl_hs|  softmax_latency<ap_fixed,ap_fixed<16,6,5,3,0>,softmax_config22>|  return value|
|ap_rst                |   in|    1|  ap_ctrl_hs|  softmax_latency<ap_fixed,ap_fixed<16,6,5,3,0>,softmax_config22>|  return value|
|ap_start              |   in|    1|  ap_ctrl_hs|  softmax_latency<ap_fixed,ap_fixed<16,6,5,3,0>,softmax_config22>|  return value|
|ap_done               |  out|    1|  ap_ctrl_hs|  softmax_latency<ap_fixed,ap_fixed<16,6,5,3,0>,softmax_config22>|  return value|
|ap_continue           |   in|    1|  ap_ctrl_hs|  softmax_latency<ap_fixed,ap_fixed<16,6,5,3,0>,softmax_config22>|  return value|
|ap_idle               |  out|    1|  ap_ctrl_hs|  softmax_latency<ap_fixed,ap_fixed<16,6,5,3,0>,softmax_config22>|  return value|
|ap_ready              |  out|    1|  ap_ctrl_hs|  softmax_latency<ap_fixed,ap_fixed<16,6,5,3,0>,softmax_config22>|  return value|
|p_read                |   in|   21|     ap_none|                                                           p_read|        scalar|
|p_read1               |   in|   21|     ap_none|                                                          p_read1|        scalar|
|p_read2               |   in|   21|     ap_none|                                                          p_read2|        scalar|
|p_read3               |   in|   21|     ap_none|                                                          p_read3|        scalar|
|p_read4               |   in|   21|     ap_none|                                                          p_read4|        scalar|
|p_read5               |   in|   21|     ap_none|                                                          p_read5|        scalar|
|p_read6               |   in|   21|     ap_none|                                                          p_read6|        scalar|
|p_read7               |   in|   21|     ap_none|                                                          p_read7|        scalar|
|layer22_out_0         |  out|   16|      ap_vld|                                                    layer22_out_0|       pointer|
|layer22_out_0_ap_vld  |  out|    1|      ap_vld|                                                    layer22_out_0|       pointer|
|layer22_out_1         |  out|   16|      ap_vld|                                                    layer22_out_1|       pointer|
|layer22_out_1_ap_vld  |  out|    1|      ap_vld|                                                    layer22_out_1|       pointer|
|layer22_out_2         |  out|   16|      ap_vld|                                                    layer22_out_2|       pointer|
|layer22_out_2_ap_vld  |  out|    1|      ap_vld|                                                    layer22_out_2|       pointer|
|layer22_out_3         |  out|   16|      ap_vld|                                                    layer22_out_3|       pointer|
|layer22_out_3_ap_vld  |  out|    1|      ap_vld|                                                    layer22_out_3|       pointer|
|layer22_out_4         |  out|   16|      ap_vld|                                                    layer22_out_4|       pointer|
|layer22_out_4_ap_vld  |  out|    1|      ap_vld|                                                    layer22_out_4|       pointer|
|layer22_out_5         |  out|   16|      ap_vld|                                                    layer22_out_5|       pointer|
|layer22_out_5_ap_vld  |  out|    1|      ap_vld|                                                    layer22_out_5|       pointer|
|layer22_out_6         |  out|   16|      ap_vld|                                                    layer22_out_6|       pointer|
|layer22_out_6_ap_vld  |  out|    1|      ap_vld|                                                    layer22_out_6|       pointer|
|layer22_out_7         |  out|   16|      ap_vld|                                                    layer22_out_7|       pointer|
|layer22_out_7_ap_vld  |  out|    1|      ap_vld|                                                    layer22_out_7|       pointer|
+----------------------+-----+-----+------------+-----------------------------------------------------------------+--------------+

